5-avg: [-0.1938197  -0.10041567 -0.11528936  0.14409555  0.21613233  0.24476319
  0.34521723  0.5302811   0.3675395   0.63071348  0.66188262  0.45991292
  0.47026081  0.35694891  0.27439452  0.16823361  0.3046684   0.04094474
  0.01954292 -0.17526349 -0.00544876 -0.12925828  0.13593658  0.06772831
  0.3572766   0.31628853  0.26240917  0.20023721  0.37173916  0.14078692
 -0.08094336  0.0015198  -0.19235709  0.00613291 -0.13661002  0.11167688
  0.02066809  0.22170375  0.19987879  0.35922964  0.33585882  0.21739068
  0.08314475 -0.00875858 -0.03163079 -0.0505734   0.17544112  0.12460884
  0.18422005  0.0855658  -0.05795887 -0.12736418 -0.17483622 -0.13103523
 -0.07955541 -0.04961404 -0.21651274 -0.21864587 -0.45080869 -0.31114363
 -0.46294896 -0.36554901 -0.11846092  0.04931457  0.03035835  0.10422241
  0.34843531  0.40745064  0.15291808  0.1303397   0.08886839 -0.21304556
 -0.24579585 -0.03261559  0.05974295  0.1954947   0.47165886  0.37331334
  0.44017557  0.52297241  0.4224782   0.38936149  0.19886427  0.0366666
 -0.18395153 -0.00212205 -0.19161683  0.02389803  0.1662136   0.14722896
  0.17747839  0.42393926  0.44021322  0.26194235  0.50631733  0.48851313
  0.34449711  0.07933187  0.17247466  0.10974691 -0.0150245  -0.06105663
  0.0138192  -0.02601274 -0.11710321 -0.13802569 -0.04105112  0.20174249
  0.17186685  0.01153626  0.00263894 -0.18332622 -0.31528735 -0.48426479
 -0.50792283 -0.52711476 -0.57803211 -0.63488483 -0.36156511 -0.24496402
 -0.23700344 -0.2023593  -0.19886844 -0.42726986 -0.53189899 -0.40098828
 -0.12471727  0.08980349  0.21011964  0.48822656  0.61300088  0.47899837
  0.28868447]
10-avg: [-0.05764468  0.03730226 -0.00120893  0.02547174  0.12240078  0.20749587
  0.25581752  0.4234229   0.4533229   0.40256507  0.50027095  0.3622442
  0.452554    0.41505811  0.38229066  0.25560277  0.18824591  0.04956552
  0.08139242  0.08770506  0.08844066  0.04363562  0.09100655  0.15541988
  0.06657545  0.1680869   0.21973374  0.24903176  0.11767258  0.13196449
  0.00394006  0.18893604  0.00208845  0.01536676  0.01109394  0.01467333
  0.10300585  0.11130981  0.22376785  0.11902938  0.15242425  0.0955601
  0.16379943  0.14264271  0.1964159   0.1038768   0.08773074  0.02696751
 -0.05426614  0.02403847 -0.02511369  0.02659241  0.0030052  -0.05378646
 -0.17193846 -0.19674105 -0.29092196 -0.19534952 -0.2562815  -0.29103088
 -0.1685534  -0.20074706 -0.14039264 -0.17936327 -0.00855685  0.14449486
  0.10111632  0.08034903  0.0965454   0.06769488  0.08082739  0.06015124
  0.09504133  0.14218155  0.12930665  0.06375874  0.20377999  0.29135768
  0.30898645  0.43051018  0.2860888   0.23842108  0.16951044  0.21017808
  0.09887233  0.11138115  0.1014401  -0.01836128  0.08767817  0.11616122
  0.23205562  0.21407797  0.32677315  0.33299576  0.38421818  0.25977254
  0.2172085   0.30803212  0.23674432  0.14172024  0.04657554  0.07323096
 -0.00367815 -0.07652509 -0.05105387  0.10778085  0.07292706 -0.05278348
 -0.06769338 -0.11218867 -0.05677243 -0.15619897 -0.24819328 -0.26223791
 -0.38067917 -0.47508609 -0.42291495 -0.37644343 -0.3820591  -0.39019571
 -0.41687663 -0.39441749 -0.38843151 -0.31899586 -0.16353829 -0.05453248
 -0.10857511 -0.02183622  0.1060063   0.17714055  0.18924398  0.26611807
  0.33303241]
5-avg: [ 0.3274351   0.32123635  0.17763676  0.02961158  0.11287451 -0.2153675
 -0.27815958  0.04045411 -0.09091531 -0.15160922  0.18274372  0.44480627
  0.38028063  0.7501813   0.62033745  0.52208083  0.4610562   0.38462908
  0.3843649   0.48183314  0.48751606  0.3169906   0.16059825 -0.15677643
 -0.13511429 -0.33417098 -0.09783834  0.08483621  0.28135016  0.34538483
  0.37629126  0.05669307 -0.1632325  -0.41163872 -0.56737376 -0.40191386
 -0.18117162 -0.07306576  0.1610579   0.301114    0.13430611  0.19758907
  0.37366453  0.15500125  0.04089614  0.32460566  0.05687647  0.10937444
  0.23985999  0.16593569  0.08109315  0.10977616 -0.13623287 -0.2095626
 -0.18756052 -0.15695902 -0.1632678  -0.1175625  -0.00660292 -0.16844515
 -0.41844644 -0.48639412 -0.44788525 -0.27891077 -0.17133788  0.04496131
  0.00704753 -0.04512092 -0.19983654 -0.06599633 -0.33963655 -0.25006562
 -0.10215496 -0.21231293 -0.43850164 -0.0672395   0.16840792 -0.07208785
  0.12393541  0.18499133  0.15694613  0.13206646  0.34677149  0.0520188
  0.14065658  0.13944641 -0.16320197 -0.3749109  -0.2870315  -0.31653783
 -0.52502658 -0.47317354 -0.2986374  -0.12453173 -0.04377102  0.02920285
  0.08416903  0.17129681  0.10705293 -0.07299713  0.04379901  0.08625644
 -0.18565869 -0.06342496  0.12215716  0.1538863   0.12218216  0.06393615
 -0.07290677  0.05506178 -0.05529179  0.04228902  0.17201098  0.10699499
 -0.07169232 -0.17879537 -0.09098097 -0.11233078 -0.17312244 -0.0446587
 -0.01891144 -0.12120756 -0.14833245 -0.20265046 -0.24549138 -0.29145511
 -0.16412165 -0.14665091 -0.0043253  -0.20554197 -0.12451277 -0.26127302
 -0.16503875]
10-avg: [ 0.08881838  0.06310958  0.14561293  0.0560338   0.02153838  0.10904543
 -0.03065186 -0.01936736 -0.01631189  0.08332335  0.21036737  0.329633
  0.23436412  0.35241227  0.45293124  0.38245486  0.5672731   0.5510853
  0.50479844  0.3890234   0.27261367  0.11379423  0.17335942  0.07667254
  0.10957613  0.12271723  0.06228686  0.10513527  0.02106014 -0.02057263
 -0.03919815 -0.06514428 -0.11099446 -0.0128113  -0.06223927 -0.11814913
 -0.12529041 -0.13312988 -0.13380388  0.00820873  0.15029939  0.15802957
  0.17100507  0.22945588  0.12723277  0.24151949  0.19743062  0.10341591
  0.2028494   0.08332632 -0.01342922  0.01514869 -0.01081242 -0.03793294
 -0.02674582 -0.12689769 -0.10808276 -0.17800284 -0.28770273 -0.32483096
 -0.28272387 -0.14275685 -0.16989151 -0.18674257 -0.2396733  -0.24650308
 -0.23937365 -0.1186671  -0.14733762 -0.12150904 -0.07363794 -0.20607474
 -0.25224898 -0.20343803 -0.04082885 -0.0871214  -0.04418876 -0.12675515
  0.04485331  0.15023719  0.13734182  0.0879771   0.16282395  0.14819627
 -0.01556775 -0.0140697  -0.11750635 -0.08794063 -0.19279009 -0.31818775
 -0.33677415 -0.20578161 -0.18015442 -0.24791187 -0.19450226 -0.06367029
 -0.0087394  -0.05838407  0.03650093  0.08521273 -0.00718094  0.02181398
  0.02458001  0.09884265  0.1042193  -0.06086127 -0.06816587  0.08860947
  0.04929726  0.08223559  0.11797357  0.01704411 -0.00831527 -0.11704358
 -0.02434598  0.0298401  -0.03306373 -0.05817551 -0.0988534  -0.10609427
 -0.13033161 -0.18788645 -0.14507504 -0.15518327 -0.1426646  -0.14749168
 -0.10348788 -0.22551667 -0.20798394 -0.21269733 -0.15584483 -0.06061285
 -0.09595991]
Best elem: [ 0.48303786  0.4087189   0.74541871 -0.03099373 -0.71799794 -0.25708803
  0.82503353 -0.89579131 -0.34495415  0.8750705  -0.91393511  0.52156396
  0.7759734   0.96535861  0.55244227  0.93556825 -0.12765526  0.28469026
  0.66023547  0.1703067   0.93424731  0.35968597  0.31310484 -0.19239181
 -0.61165505 -0.65262612  0.46799668 -0.68217857  0.98927139  0.30171766
  0.32994364  0.78817003 -0.52764639 -0.60871957 -0.79791019 -0.91208745
  0.00949483  0.29965309  0.49499163 -0.25738089  0.25853082  0.70977536
 -0.53438638  0.81140644  0.62299643 -0.83478558  0.13924977  0.88416122
 -0.52723948  0.88548626 -0.18235783 -0.23037173  0.45994851 -0.38382441
 -0.34455891 -0.54900648 -0.1203613   0.612956   -0.41536831 -0.1160324
  0.00579139 -0.92957245 -0.63705045 -0.7551067   0.07651198  0.85066378
 -0.39170798  0.44444547 -0.9446756  -0.18433026  0.07708568  0.27749306
 -0.92375565 -0.49682093  0.55522302 -0.47370418 -0.85345045  0.93255504
  0.68141618 -0.64725583  0.50641209 -0.54817083  0.79232902  0.55701787
  0.42626929 -0.96735136 -0.10498194  0.78627818 -0.956224   -0.63227536
 -0.52795437 -0.25251361 -0.25616557 -0.69695879  0.24040537  0.34257397
  0.15128995  0.10870376 -0.42212792  0.67604427  0.02135457 -0.74896034
  0.69268448 -0.20984079 -0.68353137  0.63252321  0.17895029  0.85133016
 -0.36836149 -0.9747614  -0.05169141  0.81879303  0.29956233  0.11954253
 -0.32615156 -0.37677139 -0.07464349 -0.23595292  0.55861449 -0.43290058
 -0.6807297   0.56767519 -0.10721657  0.04713388 -0.56852504 -0.95231977
  0.35347062 -0.33703526  0.68380121 -0.48117133 -0.24069175 -0.65261272
  0.06811072]
5-avg: [-0.19574376 -0.22932646 -0.18639104  0.03196113  0.21207838  0.39558502
  0.40526439  0.43821778  0.26463092  0.0682742   0.06752594  0.10598263
  0.18396654  0.17409862  0.33988097  0.35802294  0.45203825  0.09819228
  0.32537954  0.27996562  0.11894065 -0.1189891   0.04525464 -0.10940683
 -0.02335303 -0.18016894  0.12415317  0.15047828  0.26623394  0.2428039
  0.37875827  0.17396303  0.01563843 -0.16096722 -0.16690222 -0.00609983
 -0.14180639  0.14436401  0.32013987  0.33003081  0.29087995  0.39253328
  0.18140032 -0.11347041 -0.10405609 -0.25959821 -0.27460015 -0.12838355
  0.21688815  0.17981828  0.43341278  0.56106445  0.39373915  0.13366724
  0.13601977 -0.23694569 -0.37083933 -0.12648159 -0.13968348 -0.36550193
 -0.27119152 -0.16454486 -0.16095507  0.07502223  0.1158521   0.08888931
 -0.02603323  0.00176518 -0.02322898 -0.00511535 -0.0467705  -0.15163595
 -0.38584994 -0.3441243  -0.26339685 -0.19356512  0.15086618  0.41747035
  0.23346077  0.32892811  0.61061633  0.32358948  0.06205135  0.03995378
  0.00582139 -0.0487998   0.24508511  0.26758858  0.17688545  0.05212575
  0.02271088 -0.07112891  0.03358216  0.17758359  0.01682244 -0.0687265
 -0.14869169 -0.33846913 -0.23788352 -0.00137634 -0.07462994 -0.00488006
 -0.0309575  -0.26956688 -0.30861506 -0.42081442 -0.44664036 -0.123254
  0.01109447  0.07053839  0.1621025   0.03385809 -0.04681335 -0.14287021
 -0.32570065 -0.36735205 -0.39492485 -0.65344944 -0.40204022 -0.2856402
 -0.24886405 -0.23556731 -0.14619125 -0.09186062  0.08396598 -0.00114707
  0.24536662  0.13717923  0.1122919   0.08406132  0.37935139  0.25222247
  0.44268612]
10-avg: [-9.31955222e-02 -4.32936243e-02  3.22362387e-02  9.99206284e-02
  8.79689662e-02  1.25913366e-01  1.48296025e-01  1.40176290e-01
  2.31555478e-01  2.55623508e-01  3.11092156e-01  2.19364770e-01
  2.04077589e-01  2.12774436e-01  2.79010442e-01  1.41079406e-01
  2.49739080e-01  3.09923298e-01  2.38481791e-01  1.66524575e-01
  7.17234572e-02  1.07986352e-01  1.28306294e-01 -3.06141460e-02
  2.58203132e-03  9.78664604e-02  7.84135528e-02  1.09725431e-01
  9.92946653e-02  1.49058099e-01  8.30583588e-02  5.26333575e-02
  3.79508363e-02  1.86329218e-01  1.60783220e-02  8.00012245e-02
  7.95863214e-02  8.15642953e-02  1.42390058e-01  1.25363448e-01
  1.62882167e-01  1.03334727e-01  1.12987362e-01  1.56408682e-02
  5.89665670e-02  2.65083832e-02  5.17088701e-02  3.78810945e-02
  8.69072834e-02  1.43232152e-01  1.32677799e-01  1.75277698e-01
  1.57919024e-01  9.82335453e-02  9.51125613e-02  1.33628779e-01
 -3.00811794e-03 -1.14741079e-01 -2.54068606e-01 -2.67692096e-01
 -1.43718332e-01 -3.23306233e-02 -1.24824912e-01 -9.11511081e-02
 -9.52890442e-02 -7.95949457e-02  2.58966254e-02  5.53683748e-02
  2.10594009e-02 -8.88345902e-02 -1.92042379e-01 -1.83676643e-01
 -1.34256100e-01 -1.20167811e-01 -3.84883825e-04  1.58102042e-02
 -5.53317694e-02  3.27656324e-02  2.08525608e-01  2.37227833e-01
  2.39760846e-01  1.36707272e-01  1.67374750e-01  2.80908265e-01
  2.84337297e-01  1.64819964e-01  1.08419613e-01  2.89735686e-02
 -1.30444607e-02  8.69780993e-02  1.50585371e-01  1.77234518e-01
  3.44740925e-02 -2.30078088e-02 -1.09910300e-01 -1.52443482e-01
 -3.01499657e-02  7.72304879e-03 -7.16782211e-02 -7.67858709e-02
 -1.84713312e-01 -2.53725198e-01 -1.54995700e-01 -2.47722180e-01
 -2.25760209e-01 -7.71057494e-02 -1.29236201e-01 -1.19038338e-01
 -1.29355961e-01 -2.06391135e-01 -8.50336755e-02 -6.58878687e-02
 -1.27581133e-01 -1.02624778e-01 -1.80533379e-01 -3.50131396e-01
 -2.72455216e-01 -3.05670427e-01 -3.08108053e-01 -3.15246078e-01
 -3.99820348e-01 -2.46950419e-01 -1.00837114e-01 -1.25005562e-01
  4.89965436e-03 -4.50601170e-03  1.02156421e-02  8.40136465e-02
  1.89102159e-01  2.48794543e-01  2.89932675e-01  1.96514944e-01
  1.10358034e-01]
Best elem: [-0.59274191 -0.14528758 -0.24068932 -0.16791346  0.21467706  0.49901898
  0.75529863  0.6768439  -0.11951662  0.379444   -0.36891532 -0.22648493
  0.67310256  0.07276684  0.76936353 -0.41825488  0.60242682  0.76381237
  0.54284343 -0.99986636  0.71768141  0.37535725 -0.04131251 -0.64680532
 -0.17864765 -0.05562594  0.80562624 -0.82539203  0.87480521 -0.04702207
  0.52315234  0.68847603 -0.14562016 -0.14917098 -0.83864505 -0.35987595
  0.65880103  0.65839179 -0.82770375  0.59220696  0.51900331  0.70825577
  0.46263747 -0.31943709 -0.46345787 -0.95535035  0.75532737 -0.31507315
 -0.39444676  0.26762512  0.77100818  0.56997802  0.95289936  0.2438116
 -0.5690014  -0.52935136  0.58174064 -0.91192793 -0.4256566   0.65278729
 -0.59536079 -0.5473516  -0.44037591  0.1075767   0.67073624  0.58452572
 -0.34320225 -0.57518989 -0.46703597  0.80972828  0.45955492 -0.2526341
 -0.78346564 -0.99136321 -0.36134165  0.66818309  0.15100318 -0.434307
  0.73079331  0.97167916 -0.25186481  0.62833991  0.97413411 -0.70434095
 -0.33601152 -0.36235265  0.45767795  0.70102815  0.76508363 -0.22349418
 -0.81586832 -0.16612053  0.55395382  0.29588465  0.3000612  -0.09586118
 -0.9699263   0.12620914 -0.10394128 -0.648826    0.40706684  0.21260961
 -0.24005888  0.24480815 -0.77921322 -0.78598004  0.01736868 -0.80105567
  0.11567844  0.83771859 -0.11423768  0.31458824 -0.34323511 -0.52554359
  0.43436138 -0.59452197 -0.59956396 -0.55149212 -0.66340757 -0.85826159
  0.66252413 -0.01756387 -0.36761136 -0.59692385 -0.41138132  0.93417731
  0.8615691  -0.79317661  0.6356446  -0.95231825  0.80974066  0.72041618
  0.68327376]
5-avg: [ 0.17907696  0.18520568  0.23517898  0.28091823  0.25149063  0.25079024
  0.34161935  0.47798012  0.49088717  0.26545089  0.00751908 -0.06935862
 -0.23710306 -0.15702466  0.16953134  0.19063269  0.07701855  0.25309953
  0.04263406 -0.2406755   0.01632826  0.20930789  0.13152794  0.31737393
  0.52462341  0.38295885  0.10699575  0.00158569  0.00205371 -0.14931746
 -0.162234   -0.07094448  0.11431584  0.07741472  0.15458624  0.15843503
  0.31318629 -0.0203384  -0.05090623 -0.26262045 -0.34591941 -0.41271965
 -0.30095712 -0.43260348 -0.08647692 -0.12404577 -0.16633421 -0.08464023
  0.17111201 -0.07554059 -0.01695444  0.00800759 -0.00979845 -0.23323669
 -0.09276857  0.08482764  0.1844122   0.31784781  0.48070917  0.40566076
  0.124466    0.08528471 -0.12035882 -0.1339364  -0.04875685  0.21926316
  0.17206515  0.18527876  0.29411281  0.21906853 -0.03304697 -0.05177954
  0.0327453  -0.13775997  0.05171222  0.35721768  0.25892911  0.37076021
  0.47012512  0.30838216  0.06794094  0.0980039  -0.24581719 -0.22961645
 -0.24194898 -0.2291992  -0.22487    -0.19849229 -0.10875448 -0.05360579
  0.16234944  0.1808668   0.23900603 -0.09606692 -0.14598129 -0.18987682
 -0.20443248 -0.00924984  0.18183532  0.0133677  -0.08437244  0.18067535
 -0.06993104  0.05302232  0.08785045 -0.08716504 -0.34960594 -0.13429895
 -0.3482815  -0.17715862  0.11340228  0.26033199  0.17110085  0.29527323
  0.18388135 -0.0955671  -0.05807244  0.07334625 -0.1073909  -0.22636373
  0.07582695 -0.00055273 -0.24378029 -0.11727312  0.02329656 -0.16096099
 -0.20368447 -0.14251686 -0.20631512 -0.08078772 -0.07191675 -0.05977948
  0.00328554]
10-avg: [ 0.11758949  0.10626176  0.14816548  0.2149336   0.26341252  0.35657955
  0.3859027   0.25847076  0.12915466  0.13613036  0.12043853  0.16693125
  0.21749112  0.09907589  0.00382996  0.00799824 -0.0571953  -0.03557208
  0.10348048  0.14316322  0.19231374  0.180004    0.14197396  0.19964355
  0.15815182  0.06655681  0.15971382  0.18765298  0.11036243  0.01802564
  0.05795076  0.03973422  0.00263439 -0.00189948  0.12112091  0.04698872
  0.01325425 -0.0540171  -0.09374219 -0.04976668 -0.16064776 -0.24175486
 -0.17454869 -0.23498259 -0.28952693 -0.19279868 -0.13074574 -0.08100876
 -0.07050011 -0.07916331 -0.04721934 -0.03106234 -0.08415458  0.0339366
  0.09620989  0.15402468  0.12373624  0.15644609  0.10464682  0.13484846
  0.09874449  0.17338638  0.17845196  0.17186458  0.12867493  0.03245997
  0.0800882   0.08515584  0.09310809  0.06014281  0.10901203  0.07817642
  0.13539037  0.16208536  0.10357479  0.20175275  0.16618258  0.18004719
  0.21257931  0.1784665   0.06247151  0.12025434  0.03321659 -0.08062913
 -0.06343305 -0.22215474 -0.16918546 -0.14777739 -0.03342488 -0.0220016
  0.02025687 -0.1024107  -0.09979354 -0.01376369 -0.01178284  0.1148781
  0.0428842  -0.06630679 -0.13712463 -0.01187856 -0.03959044  0.11742882
  0.05060908 -0.08576874 -0.08446529 -0.102115   -0.14762959 -0.04465409
  0.01311862 -0.04463697  0.01840095 -0.02650413  0.00336136  0.00891759
  0.10112978  0.12222355  0.09394117 -0.02124119 -0.00987007 -0.02931258
 -0.08521702 -0.11233201 -0.10153359 -0.04256702 -0.1021186  -0.19314857
 -0.16179412 -0.02874558 -0.11643887 -0.13173198 -0.06961566 -0.073225
 -0.05637576]
Best elem: [-0.34197357  0.56617521  0.67118318  0.03064361  0.24986647 -0.11327734
  0.41903722  0.66768126  0.48478912  0.93167034 -0.0487421  -0.70814416
 -0.62197777  0.10040061  0.0929481   0.35164992  0.92463586 -0.51647102
 -0.46767013  0.97335304 -0.70067747 -0.49191192  0.76854776  0.49722803
  0.58445327  0.22855251  0.54433549  0.06022494 -0.88258743  0.05740292
  0.23089264 -0.21252035 -0.00435776 -0.42613983  0.98370449  0.04638707
  0.17333724  0.01488617  0.34761647 -0.68391898 -0.10645207 -0.88523386
 -0.40160863  0.01361528 -0.12510632 -0.76468386  0.84539893 -0.58945287
 -0.19782691  0.28336357  0.51407733 -0.38786406 -0.29652213 -0.07301677
  0.1943334  -0.60311386  0.3144765   0.59145895  0.42490603  0.86151142
  0.21119295 -0.06076554 -0.81451488  0.22899959 -0.16670623  0.14330505
  0.36513222  0.52558514 -0.00699043 -0.10063818  0.68747528 -0.01008918
 -0.73499234 -0.10065325  0.32198598 -0.16505104  0.93727176  0.79253497
 -0.59209612  0.88114147  0.33177353  0.12855694 -0.40967113 -0.44178132
 -0.83796395  0.41277721  0.06689429 -0.34592222 -0.4201353  -0.70607539
  0.86146625  0.34263771  0.73385394 -0.32754849 -0.41537926 -0.8138985
  0.09306588  0.51437628 -0.40032678  0.56053393  0.14152728 -0.74927221
  0.0256756   0.92491217 -0.69249804  0.75629407 -0.57513153 -0.84940186
 -0.38729232  0.38403687 -0.31361863  0.28048282  0.60340268  0.34735621
 -0.06211883  0.30724329 -0.27647661 -0.79383954  0.5348295   0.59497459
 -0.59644243 -0.8713408   0.71711391  0.15293107 -0.62116319  0.03609342
 -0.16849242 -0.20417382 -0.06068636 -0.31532511 -0.28289788  0.45914458
 -0.159819  ]
5-avg: [-0.27550861 -0.23038073 -0.26545908 -0.36305246 -0.37599255 -0.13423807
 -0.20060813 -0.0408339   0.17077481  0.3669752   0.35996282  0.53441794
  0.48827246  0.28510612  0.14872256  0.2141497   0.00348485 -0.08545456
  0.17791059  0.31401147  0.25635073  0.16327469  0.26942768  0.06524501
 -0.01827826 -0.03755988  0.02093994 -0.09291407  0.08493663  0.29099035
  0.26083608  0.2197674   0.10181425  0.06787197 -0.25518124 -0.18605441
 -0.20998872  0.09166593  0.03908849  0.22189462  0.12134185  0.18217822
  0.06110449  0.00769689  0.12660579  0.24116858  0.30703648  0.3559733
  0.39615875  0.3563466   0.18818035  0.18995618 -0.06129636  0.00639626
 -0.26089184 -0.0712584   0.11600681  0.16793276  0.09042403  0.30564296
  0.1419578  -0.14221404 -0.06807047 -0.19270307 -0.20553759 -0.06196166
  0.2072275   0.24140838  0.16063626  0.16893776  0.12767459 -0.09335027
 -0.03200515  0.02002842 -0.03715738 -0.26158351 -0.01538577 -0.14207628
  0.07540876  0.17908525  0.26974473 -0.01769421 -0.05319973 -0.15017427
 -0.33033148 -0.13739759 -0.17545076 -0.26633795 -0.33464133 -0.26003885
 -0.46089549 -0.19419468 -0.09160432  0.08446495  0.12067146  0.0873156
 -0.03754838  0.22708842  0.17409927  0.18784259  0.32845874  0.17599264
 -0.13631456 -0.32242177 -0.36108592 -0.27366868 -0.17088877 -0.18617593
  0.08813873  0.08343236 -0.03877848 -0.15322178 -0.01247283 -0.05368771
  0.06732178  0.09273028  0.21316151  0.3138042   0.04619778 -0.25189937
 -0.4099876  -0.47399455 -0.68181617 -0.6529038  -0.51907822 -0.30438892
 -0.31764923 -0.12727434  0.14508441  0.10548017  0.18058167  0.31629811
  0.24198604]
10-avg: [-0.13272954 -0.18363954 -0.25689945 -0.20487334 -0.21549443 -0.15314649
 -0.09613882 -0.00450867  0.11286238  0.1669049   0.22371928  0.22794047
  0.25784888  0.28705626  0.26895139  0.20140895  0.23150836  0.23136702
  0.23525022  0.08337977  0.09198656  0.1215778   0.14786661  0.10939543
  0.09210731  0.08825681  0.07509082  0.13635604  0.1116381   0.12035367
  0.00445009  0.0764043   0.01790455  0.03739083  0.00488934  0.09674009
  0.05348023 -0.01664331 -0.03235628 -0.01390525  0.07638521  0.02339269
  0.17425021  0.18125522  0.24460735  0.2085389   0.20192782  0.2414762
  0.21467446  0.24849633  0.14733847  0.2012775   0.04772738  0.05846097
  0.15298149  0.0533182   0.04841014  0.02237556  0.0353497  -0.01310361
  0.04993115 -0.05113952  0.05005268  0.03999807  0.03250673  0.08666895
 -0.01603341 -0.01829991  0.03285646  0.05693862  0.10470161  0.09033234
  0.06589019 -0.06695446 -0.05436802 -0.08704071  0.04771859  0.07096394
  0.00408061 -0.01653999 -0.097638   -0.03738275 -0.07562311  0.06617357
 -0.09657249 -0.15976884 -0.2424078  -0.29518517 -0.29914654 -0.18482272
 -0.17897114 -0.12508819 -0.06968369 -0.18678995 -0.11587153  0.06774205
  0.12928211  0.15425703  0.20788717  0.06922213  0.04538693 -0.07416125
 -0.08662166  0.02739503  0.00255193 -0.16124524 -0.11714152 -0.13882678
 -0.15622358 -0.16205528 -0.09932438  0.01722551  0.07537707  0.0269759
  0.02996986  0.15066569 -0.00374497 -0.0922888  -0.15862866 -0.13041652
 -0.18400599 -0.30335301 -0.38548879 -0.35718826 -0.39582189 -0.40454526
 -0.2539097  -0.20679902 -0.06190363 -0.00067556  0.05735585  0.12519977
  0.14598525]
Best elem: [-0.02113317 -0.66789852 -0.68851134  0.22563936 -0.17539174 -0.50910004
 -0.732599    0.52026106 -0.10621095  0.62347941  0.54894352  0.24840298
  0.48519916  0.76606462  0.392752   -0.46688815 -0.43351482  0.81233486
 -0.28725966 -0.05194502  0.84993756  0.2469896   0.52403114 -0.75263984
  0.47881994 -0.17097581 -0.17062673  0.42762306 -0.46014078 -0.09045009
  0.71827767  0.85964187  0.27685171 -0.66548419 -0.68021583  0.54856629
 -0.75562419  0.62248585 -0.78515574  0.82805744  0.28567909  0.15840646
  0.11972202 -0.48097392  0.22268881  0.01864109  0.75295095  0.69253598
 -0.15163444  0.46737294  0.2195683   0.55389023 -0.1482953  -0.14275528
 -0.78888972  0.55803137 -0.78255029  0.79987193  0.79357076 -0.52925998
  0.17048773  0.29354434 -0.01855385 -0.62728841 -0.15854215 -0.45267528
  0.22937175  0.69932578  0.7186574   0.01236223 -0.85653589  0.27087928
  0.49300993 -0.38646688  0.31908781 -0.59636805 -0.0150497  -0.62912071
  0.84452178 -0.31436471  0.49105715  0.50333276 -0.17582334 -0.59267291
 -0.49189229  0.00618446 -0.39745333  0.78884613 -0.78293876 -0.94632826
 -0.33533241 -0.02444096 -0.21543707  0.5505653  -0.43337645  0.54501394
  0.15659161 -0.3822164  -0.07375459  0.88980755  0.2800682   0.22530821
  0.32086431 -0.83608509 -0.67172844 -0.65046786  0.03198747  0.75795051
 -0.32218554 -0.74816421  0.72110544  0.00845562  0.14689627 -0.89440203
 -0.04441946  0.51503105  0.61350306  0.27393879 -0.29224592  0.45879402
 -0.82300108 -0.87698267 -0.51650237 -0.61228067 -0.58031408 -0.67843922
 -0.20785475  0.55694411 -0.67858219  0.37156035  0.68335453 -0.40587593
  0.9324516 ]
5-avg: [ 0.16728721  0.2638998   0.13280645 -0.13377526  0.16282272  0.00198471
  0.05764586  0.29993883  0.45594536  0.23340337  0.25580728  0.25671627
  0.07031154  0.09569332  0.1682266   0.03925987 -0.11677093  0.15052612
 -0.09056735 -0.06912882  0.09423015  0.26326809  0.09064225  0.18079748
  0.13724651  0.22205681 -0.12392194 -0.20366915 -0.14374862 -0.05426898
 -0.25773617 -0.15621538 -0.20211733 -0.17788687 -0.16885682  0.02937571
  0.1120484   0.34427169  0.25143738  0.09762189  0.09050103  0.09011883
 -0.00990521  0.05248067  0.07895495  0.11523653  0.14055882  0.25113738
  0.14356457  0.27509581  0.18935916  0.34339011  0.38705755  0.35318903
  0.19681982  0.22542853  0.07513331 -0.06319424  0.17484304  0.13510974
  0.04872463  0.06609478 -0.06025488 -0.28040583 -0.22603725 -0.02259384
 -0.00363972  0.00984952 -0.01908089  0.11348433  0.00244879 -0.24219785
 -0.30547538 -0.10933309 -0.33488136 -0.25184497 -0.27171649 -0.32707309
 -0.25093804 -0.30927499 -0.31090074 -0.27021724 -0.03951961 -0.34912841
 -0.16030608 -0.25766596  0.03339932  0.16253122  0.22892044  0.09055327
 -0.02566089 -0.00911382 -0.03139357  0.25129894  0.45955873  0.52930479
  0.31036415  0.35699936  0.21164477  0.30078899  0.15374161  0.06017514
 -0.3308108  -0.41888478 -0.55356692 -0.43744501 -0.45422432 -0.19547958
  0.04693569 -0.15436183 -0.09086942 -0.10244085 -0.24541037 -0.55782975
 -0.46003023 -0.44739062 -0.40847233 -0.40437928 -0.28855476 -0.43232178
 -0.46873735 -0.48432888 -0.53193962 -0.53927626 -0.28904124 -0.29474504
 -0.22668229 -0.1838296   0.0052703   0.11326905  0.29867052  0.39495648
  0.47620711]
10-avg: [ 0.06640323  0.02549287  0.12450614  0.08463596  0.16077283  0.21637264
  0.16108505  0.19811305  0.12889599  0.15718107  0.18512519  0.27581934
  0.20081498  0.14753357  0.06997267  0.11041883  0.00256298  0.04954889
  0.06674501  0.07324858  0.12058418  0.04511507  0.03405884  0.15814348
  0.06967307 -0.05651345  0.01852443  0.04148876 -0.01783968 -0.14006866
 -0.20289324 -0.16081775 -0.1115629  -0.11418023 -0.02208349  0.07107718
  0.03677525 -0.03561747  0.05993837  0.10108362  0.16718324  0.15195902
  0.08828842  0.10286878  0.11533883  0.12061608  0.09802262  0.17702538
  0.15229784  0.24197446  0.31909747  0.2483768   0.23595781  0.20739384
  0.20926171  0.16193165  0.26401604  0.16596478  0.13707658  0.07061405
 -0.06172456 -0.05278139 -0.04546375  0.0130654   0.03122753 -0.02520268
 -0.14974336 -0.05627646 -0.01007252 -0.12291878 -0.14781293 -0.06420699
 -0.11069852 -0.12469809 -0.25695717 -0.31627423 -0.18013556 -0.32207818
 -0.28137286 -0.27096687 -0.18329635 -0.30003322 -0.23479053 -0.28428335
 -0.11840896  0.0615058  -0.06010399 -0.0348764  -0.14166343  0.01214275
  0.06556882  0.24010969  0.275056    0.25182195  0.15062517  0.16280289
  0.23147186  0.38017386  0.3415232   0.18526964  0.01309428 -0.10362
 -0.12638897 -0.1418517  -0.19702459 -0.26314519 -0.18597455 -0.35396438
 -0.26415721 -0.27833258 -0.22044497 -0.25544703 -0.30719603 -0.26913002
 -0.25545659 -0.32489482 -0.42319226 -0.44617601 -0.45806398 -0.44640061
 -0.46815945 -0.41391551 -0.36068151 -0.38174119 -0.35550559 -0.35788461
 -0.26700298 -0.08788609  0.00196274  0.08413709  0.14618876  0.16286277
  0.13701367]
Best elem: [ 9.23804948e-01 -4.92857123e-01  4.05488224e-01  4.83062941e-01
 -6.55466716e-01 -4.09103612e-01  9.90132771e-01 -3.98701844e-01
  7.61368685e-01  5.55998174e-01  3.70929029e-01 -1.22577200e-01
 -2.86682308e-01  7.65913677e-01 -3.76025505e-01  4.97837921e-01
  2.40089215e-01 -9.31515963e-01 -1.42403361e-02  9.60459745e-01
 -7.07629406e-01  3.47281865e-01 -1.14721099e-01  8.30949335e-01
  9.73305497e-02 -2.56853242e-01  1.29526991e-01  3.09330415e-01
 -8.98944419e-01 -3.01405476e-01  4.27493723e-02  5.76925214e-01
 -7.08005519e-01 -3.91340493e-01 -5.30915233e-01  1.63901658e-01
  6.22075501e-01  2.83157102e-01  2.20229541e-02  6.30201217e-01
 -3.00269898e-01 -1.47001943e-01  2.47552802e-01  2.01119927e-02
  1.30081006e-01  1.16594942e-02 -1.46305513e-02  4.28960696e-01
  1.46723442e-01  6.82973810e-01 -5.26204542e-01  6.43025623e-01
  2.77462904e-04  9.16878202e-01  9.01311016e-01 -6.95547134e-01
 -1.38820471e-01  1.43321035e-01  1.65402128e-01  2.09673223e-01
  4.94639280e-01 -3.37486962e-01 -2.88604502e-01  2.52252842e-01
 -4.22075047e-01 -6.06115462e-01 -6.56440617e-02  7.28612545e-01
  3.47023446e-01 -3.54628861e-01 -7.50767541e-01  5.97182077e-01
  1.73434826e-01 -8.76209737e-01 -6.71016511e-01  2.29943884e-01
 -5.30559279e-01  5.88616770e-01 -9.75567339e-01 -9.47799495e-01
  6.10619164e-01 -8.22244073e-01  5.80488060e-01 -7.72149844e-01
  2.05688647e-01 -9.37424826e-01  1.21867587e-01  9.36886434e-02
  6.83176557e-01  8.51348116e-01 -6.05478723e-01 -5.69968267e-01
 -4.87382151e-01  7.65911934e-01  7.39949368e-01  8.07983796e-01
  4.71330727e-01 -1.38651863e-01 -3.28791263e-01  9.73125379e-01
  8.12108919e-02  9.17051819e-01 -8.73888770e-01 -7.96623641e-01
 -9.81804283e-01 -3.59159031e-01  2.43641112e-01 -2.93279198e-01
 -8.80520187e-01  3.11919409e-01  8.52917315e-01 -7.62846507e-01
  2.41828648e-02 -9.38377321e-01 -4.02928202e-01 -7.09179609e-01
 -2.73848880e-01  8.73809222e-02 -7.43785874e-01 -3.82462939e-01
 -1.30057005e-01 -9.92684022e-01 -9.46969088e-02 -8.21743543e-01
 -6.20516629e-01 -1.66740173e-01  2.58491058e-01 -1.23215892e-01
 -4.81429811e-01 -4.06253180e-01  7.78759337e-01  7.98484810e-01
  8.03791423e-01]
Puzol 1
5-avg: [-0.18750584 -0.05456519 -0.10342107 -0.12561305  0.09827277  0.30651665
  0.25064415  0.17646055  0.30660529  0.02176424 -0.15846754 -0.30739048
 -0.20550014 -0.32908379 -0.22630099 -0.12248437 -0.1514348  -0.28219836
 -0.1184232  -0.00429587 -0.09934463 -0.08059153  0.05518678 -0.16535157
 -0.24319127 -0.32691589 -0.11772997 -0.08910702 -0.01400062 -0.05242101
  0.15393143  0.15975152  0.18059477  0.28210035  0.2254001   0.24864697
  0.09843673  0.1539498   0.15281812  0.11902268  0.04496487 -0.016546
 -0.25228573 -0.37288538 -0.22220942 -0.39702759 -0.44537423 -0.16222959
 -0.01505974 -0.09364541  0.03921748  0.298793    0.28619193  0.24235215
  0.25548847]
10-avg: [-0.05171053 -0.10571485 -0.0109848   0.05950541  0.09803948  0.03651974
  0.09049612  0.0600185   0.07402456 -0.02837317 -0.01451979 -0.01123925
 -0.10226838 -0.14047595 -0.22941264 -0.24384925 -0.22375349 -0.11529843
 -0.1109145  -0.11601317 -0.11350579 -0.14188738 -0.12374357 -0.21313026
 -0.09916075 -0.01696012 -0.0896761  -0.14780614 -0.08649223  0.02101078
  0.04574387  0.13404986  0.08648954  0.2012892   0.12909413  0.16727228
  0.21745924  0.17221139  0.14680592  0.04094537 -0.04916797 -0.11003363
 -0.05159337 -0.17603136 -0.23096011 -0.20725766 -0.19397256 -0.15792741
 -0.17890505 -0.07329061  0.06198117  0.1136462   0.08092153  0.14766393
  0.21122086]
Best elem: [-0.4290832  -0.17212862 -0.33631739  0.66470324 -0.24427937 -0.54004312
  0.94730047  0.70490204  0.3853407  -0.61519737  0.11068061 -0.4769048
 -0.19625684 -0.35927399 -0.10574565 -0.50723764  0.03700917  0.32282627
 -0.50402615 -0.75956344  0.31163814  0.60764582 -0.15241755 -0.41026063
 -0.08067187 -0.79105361  0.2184473  -0.57104063  0.63566897  0.06244285
 -0.41552162  0.02634538  0.46072158  0.6647694   0.16665912  0.09200628
 -0.2571559   0.57695595 -0.08628179  0.44422444  0.0863479  -0.42613307
  0.20666686 -0.39383611 -0.73447421 -0.51665035  0.3272467  -0.66742397
 -0.63556931  0.68124899  0.21919889 -0.06568162 -0.00310954  0.6623083
  0.61824361]
Puzol 2
5-avg: [ 0.26305989  0.28395427  0.1877356   0.13862098  0.20237647 -0.01799272
  0.05903493 -0.01799814 -0.11987954 -0.26259868 -0.10276767 -0.36063711
 -0.15135884  0.21118649  0.33252501  0.35099462  0.63903587  0.53239811
  0.4259304   0.11267334 -0.10655735 -0.18383618 -0.15714625 -0.39015981
 -0.1886544  -0.03312982 -0.07671881  0.00773926  0.25160757  0.13136073
  0.11719266  0.08276439  0.01700155 -0.20609776 -0.15980114 -0.11792214
 -0.02737068 -0.04231875 -0.08622386 -0.18497753 -0.41625557 -0.42512633
 -0.57089086 -0.58582076 -0.59792269 -0.52413113 -0.73069966 -0.68029099
 -0.5359138  -0.19363466 -0.23842918 -0.19897099 -0.05430209 -0.00742566
 -0.1936041 ]
10-avg: [ 9.38677990e-02  5.66826641e-02  1.37601348e-01  1.22533583e-01
  1.71494597e-01  8.48687282e-02  9.37071595e-03 -3.01111015e-02
 -6.03801969e-02 -1.50801090e-01 -8.46784896e-02  4.56534705e-02
  3.49631654e-02  1.24113477e-01  1.39199383e-01  1.90519638e-01
  3.18558444e-01  2.22599173e-01  1.22218635e-01  2.27599846e-01
  1.87625932e-01  1.78852944e-02 -3.79905279e-02 -6.98435861e-02
 -1.30277495e-01 -7.47034952e-02 -6.92761195e-02 -2.86468329e-02
  4.20314216e-02  3.02279261e-03  1.23704062e-02  2.27549072e-02
 -1.42202044e-02 -3.64737840e-04  2.76968532e-02 -1.26585990e-02
 -1.46160810e-01 -1.72389332e-01 -2.67088856e-01 -2.26248508e-01
 -3.06604807e-01 -3.36022309e-01 -3.91450106e-01 -4.70193353e-01
 -5.77912993e-01 -6.25590926e-01 -5.60867278e-01 -3.95778671e-01
 -3.81280158e-01 -4.64835325e-01 -3.67296541e-01 -2.71669728e-01
 -1.93619376e-01 -1.70961084e-01 -9.49160467e-02]
Best elem: [-0.12627824  0.49040935  0.95116835  0.10447188 -0.48109334 -0.37185135
  0.80918684 -0.15067765  0.48961014 -0.86625869 -0.88125837  0.09559118
  0.64847739 -0.79973706  0.18013266  0.93146825  0.70228379  0.74082547
  0.64046921 -0.35305614  0.39912969 -0.86400152 -0.35532799  0.25407505
 -0.21960648 -0.76593812  0.14352556  0.42229489  0.03613012  0.20268385
  0.45340345 -0.45770866  0.35145456 -0.13601124 -0.12613034 -0.66209311
 -0.22622555  0.56084955  0.31674603 -0.20087067 -0.88161867 -0.71999387
 -0.59554068  0.27239224 -0.92969333 -0.95626813 -0.78050352 -0.22658292
 -0.76045038 -0.67764999 -0.2343822   0.9308922  -0.45055555 -0.56315943
  0.0456945 ]
Puzol 3
5-avg: [-1.20782626e-01 -1.59800412e-01  2.85967455e-02  6.10428874e-02
  1.34417590e-01  3.86264908e-01  4.91843102e-01  2.57996008e-01
  1.64319922e-02  1.66017316e-01  1.81262435e-01  1.80556357e-01
  3.82332066e-01  5.83605647e-01  3.78725917e-01  2.53865767e-01
  3.14782230e-01  2.06739548e-01  2.19664852e-01  3.26293727e-01
  5.16147019e-01  4.84932959e-01  2.60663020e-01  1.41152181e-01
  1.35474792e-01  2.32642863e-02 -2.19769333e-01 -1.76942073e-01
 -6.39702937e-02  2.55423962e-02 -2.19134707e-01  1.27553162e-02
  1.77222098e-01 -1.23233900e-01 -1.99324726e-01  6.11659778e-02
 -6.04437420e-02 -2.22641262e-01 -1.09753411e-01 -1.20800341e-01
 -1.79480687e-01 -3.12188622e-01 -1.25724165e-01  2.40758506e-02
 -2.44085279e-02 -1.82360160e-01 -1.70687424e-02  1.11647594e-01
  4.36024107e-02  6.43456967e-02  2.94878334e-01  3.16605254e-01
  4.67646764e-02  1.04410612e-04  4.88615424e-02]
10-avg: [ 1.42983728e-02  1.07487258e-01  7.29632315e-02  1.32741141e-01
  1.66021345e-01  1.43296377e-01  3.87374398e-02  1.50217453e-01
  2.83763671e-01  3.36199729e-01  3.20164037e-01  3.00018820e-01
  2.72371616e-01  2.17564101e-01  2.47669294e-01  2.94535807e-01
  4.01635250e-01  3.52509822e-01  3.85006393e-01  3.99857595e-01
  2.33701284e-01  1.80408516e-01  2.30884260e-01  2.69705652e-01
  1.32581813e-01  4.18604732e-02  3.85909435e-02  8.05085943e-02
 -9.79352102e-02 -1.03507008e-01  1.40012310e-04 -9.36020971e-02
 -8.68911647e-02 -7.89843645e-02 -2.38442129e-02 -2.27095819e-02
 -1.16493656e-01 -1.60062533e-01 -5.91573545e-02 -1.86316182e-01
 -1.74182714e-01 -4.28387802e-02 -7.26044344e-02 -1.80920423e-01
 -1.64628682e-01 -7.03828545e-03  3.38391307e-02  1.99685844e-02
  5.62590870e-02  1.49768256e-01  7.92061354e-02  2.18534107e-02
  5.66036195e-02  1.13221021e-01  1.15527571e-01]
Best elem: [ 0.76965815 -0.71211378 -0.66145749 -0.19508893  0.94198579  0.93188886
 -0.34524027  0.5977791   0.33280204 -0.22724969 -0.27593122  0.40268635
  0.67400469  0.32927165  0.78162886  0.73043668 -0.6217123   0.04970394
  0.63385397  0.24141545  0.7950632  -0.08856793  0.9989704   0.47778367
 -0.87993425  0.19750901 -0.11695487  0.43791787 -0.73738443 -0.66579795
  0.76236791  0.33060858 -0.78546764  0.42206569  0.15653596 -0.73991209
 -0.04984555  0.51698588 -0.18598291 -0.65445164 -0.17547283 -0.1050802
  0.22358415 -0.84952259  0.27787065  0.57352725 -0.34750209 -0.56617401
 -0.0230655   0.92145233  0.23330133 -0.24378566  0.58648917  0.0855691
 -0.42775056]
Puzol 4
5-avg: [-2.98979815e-01 -4.24705935e-01 -4.50860736e-01 -3.96349758e-01
 -1.61639747e-01 -4.56853770e-02  3.37688204e-04 -7.02493306e-02
  7.31391540e-02 -8.53275612e-02 -1.51187336e-01  2.99568122e-02
  2.01234893e-01  8.64205517e-02  7.57133412e-03  1.01962486e-01
  1.72960224e-01  1.80144163e-01  2.67686036e-01  1.57655629e-01
  2.05030758e-01 -5.38342411e-02 -2.00325039e-01 -2.88172478e-01
 -1.14102407e-02 -1.29235336e-01 -5.58441122e-02 -1.24781367e-01
  1.45294158e-01  7.50875726e-02  1.17654276e-01  2.90794425e-01
  4.30319044e-01  4.23164226e-01  3.64077148e-01  1.59101003e-01
 -6.94855210e-02  8.90527873e-02  1.42953201e-02 -1.15212194e-01
 -3.82772977e-02  1.39066045e-01 -1.30537166e-01 -3.72284495e-01
 -1.44456887e-01 -1.95102748e-01 -4.28618418e-01 -1.37875617e-01
  3.71735585e-02 -1.78919971e-01 -1.82086622e-01 -2.45974413e-01
 -3.47386869e-01 -3.68003662e-01 -2.27096375e-01]
10-avg: [-0.22543037 -0.2899888  -0.20161685 -0.1723326  -0.21218412 -0.26055503
 -0.1616053  -0.12348365 -0.09843636  0.01514725  0.06549278  0.07977985
 -0.03887811 -0.02461243  0.10145852  0.19068953  0.17705329  0.08261348
  0.15349662  0.05956299 -0.01009044 -0.01024322  0.07312269  0.03789771
 -0.05483918 -0.1625532  -0.07143916  0.03183867 -0.00579053  0.11747516
  0.15276884  0.28422919  0.21958236  0.13837764  0.11065445  0.25968592
  0.21872977  0.12443248  0.06041185  0.03479026 -0.02074219 -0.17899459
 -0.12983454 -0.11669002 -0.14477619 -0.13420639 -0.16755547 -0.16168843
 -0.18859468 -0.33729642 -0.24263124 -0.16541505 -0.20300817 -0.14327293
 -0.0809461 ]
Best elem: [-0.91813924 -0.28983049 -0.28692934 -0.6286306  -0.13077401 -0.64558435
  0.88371957  0.29284251 -0.39851528 -0.4837091   0.07135807  0.09138599
 -0.03645637  0.50720547  0.3726813  -0.50271364 -0.3028601   0.43549939
  0.86219415  0.408601   -0.06500427 -0.85301213  0.67237504 -0.43213084
 -0.32385299 -0.50424146  0.53079905  0.08324956 -0.06517472 -0.66853926
  0.84613616  0.17976613  0.29608308  0.80052602  0.02908383  0.81036207
 -0.11566926 -0.72879765 -0.3424066   0.82177537  0.43657474 -0.76320683
 -0.34412316  0.54431011 -0.52624069 -0.77216191  0.37593121 -0.59735247
 -0.62326823  0.92747332  0.10308397 -0.70453644 -0.61318573 -0.94270719
  0.42041104]
Puzol 5
5-avg: [-0.08214247 -0.23777277 -0.05635574 -0.15926762  0.0291736   0.09152972
  0.07692456  0.00659549 -0.05567164 -0.16673974 -0.22534513 -0.01021422
 -0.17398072 -0.06150111 -0.0861627  -0.11058745 -0.05147144 -0.04808375
  0.00465002 -0.04902639 -0.08651006 -0.01282981  0.1380599   0.04978803
  0.12814493  0.27777824  0.25085876  0.0747489   0.18284424  0.07742265
  0.16839551 -0.15649379 -0.11396802 -0.14672499 -0.08241672 -0.07129082
  0.1173213   0.00779884  0.15075332  0.02443007 -0.27632586 -0.43059052
 -0.33779216 -0.5379586  -0.50944191 -0.51766684 -0.44523635 -0.49775315
 -0.54366824 -0.28248503 -0.25731239 -0.04939352 -0.01339507  0.10743678
 -0.04035117]
10-avg: [-0.02817787 -0.08203663 -0.01374973  0.00469363 -0.08042411 -0.02488013
 -0.10746963 -0.06878307 -0.06690771  0.03335517 -0.08369262 -0.05858638
 -0.12645122 -0.16796629 -0.03084283 -0.11103223 -0.02842554 -0.06759455
 -0.09854875 -0.03215063  0.04498808  0.02721903  0.03955927  0.09563409
  0.11901447  0.1064044   0.11631613  0.10278379  0.22308688  0.04718248
 -0.01960956  0.01805962 -0.00249703  0.04855235 -0.01958625 -0.05308459
  0.00201416 -0.02899333 -0.17380834 -0.15663461 -0.16499666 -0.19360264
 -0.24250592 -0.39699635 -0.43791343 -0.41777265 -0.54081342 -0.39596347
 -0.38748962 -0.24731493 -0.25557411 -0.21811573 -0.1614181  -0.09098015
 -0.05731059]
Best elem: [-0.02402826 -0.25933706 -0.12734703 -0.77815153  0.90708516 -0.53858763
  0.68286903  0.18443356 -0.85117733  0.55543981 -0.84992329  0.12752857
 -0.10859342  0.22447723 -0.26339269 -0.28752523  0.00422063 -0.23071719
  0.52005727 -0.24645421 -0.02385639 -0.26416145 -0.4181355   0.88845851
  0.50799432 -0.46521572  0.12762301  0.33003108  0.75386109 -0.37255495
  0.07526096 -0.39948491  0.78489539 -0.87058545 -0.15992608 -0.08852393
 -0.07794354  0.84052488  0.07247515 -0.70753835  0.62624845 -0.70955978
 -0.6632548  -0.69884814 -0.24354653 -0.37458377 -0.56697633 -0.70437943
 -0.33669567 -0.50613053 -0.60415925  0.73893973 -0.57851624  0.7028987
 -0.32613829]
A.Veo 1
5-avg: [-0.0592756  -0.00209388  0.03013894  0.24406457  0.27626011  0.40471666
  0.42314763  0.3063519   0.1163023   0.11091603  0.0152783  -0.02527476
 -0.1352487   0.01465496 -0.01413758  0.18436295  0.07995688  0.28318593
 -0.04205603 -0.19882849 -0.19777641 -0.28228657 -0.47593111 -0.10243104
 -0.02735316 -0.09443589  0.01603319  0.30902626  0.20208396  0.18640405
  0.27532485  0.49621537  0.33117993  0.37464895  0.22462758  0.06208939
 -0.15864559 -0.07853715 -0.18666301 -0.06610183  0.0912485   0.01207794
  0.06151556 -0.00460139  0.08459348  0.02384669  0.34006247  0.16256996
  0.41004203  0.32063257  0.15349775 -0.0226184  -0.01478718 -0.27474609
 -0.44160355 -0.235174   -0.06185601 -0.08181486 -0.07443295  0.15212164
 -0.02272477 -0.39027958 -0.46035872 -0.37092138 -0.26179251 -0.18519632
  0.16558981  0.22652446  0.13063572 -0.03813397  0.08379238 -0.09926534
 -0.06602573 -0.00980341 -0.02468498 -0.26095517 -0.17254339 -0.17167366
 -0.23322132 -0.2415703  -0.13436786 -0.3030856  -0.33920814 -0.40800405
 -0.51179058 -0.44147648 -0.22089678 -0.28856242 -0.30728454 -0.25591019
 -0.36609511 -0.59134211 -0.32678215 -0.2133637   0.0126975  -0.03017372
 -0.06730211 -0.20437184 -0.00475491 -0.14685138 -0.22439232 -0.14065986
 -0.10534829 -0.17979804 -0.33734288 -0.24265366 -0.08366794 -0.19458531
 -0.21609447 -0.1745081  -0.09897968 -0.10640718 -0.05748931 -0.00494632
 -0.01534858 -0.14917601 -0.38680902 -0.34526149 -0.57548899 -0.50918337
 -0.49960516 -0.50248595 -0.64380467 -0.40569786 -0.25154343 -0.0203561
  0.2400497   0.29235873  0.09589431  0.05564293  0.02768317 -0.1286667
 -0.17077118  0.01041687 -0.01044362 -0.21978129 -0.20311296 -0.01845653
 -0.11652781]
10-avg: [ 0.01506947  0.09999574  0.17489856  0.17272053  0.21052688  0.16824542
  0.18018344  0.19358807  0.20999748  0.19893643  0.0855516   0.06547863
  0.04838923  0.09982062  0.02734106  0.07396861 -0.01370053 -0.10648303
 -0.00670673 -0.10116484 -0.09637259 -0.07224354 -0.11309083 -0.14610615
 -0.13312669 -0.08345242  0.04982646  0.07952544  0.09044448  0.25612428
  0.3201031   0.28836645  0.20551582  0.16870712  0.16878489  0.12632139
  0.09399297  0.07926288  0.07666894 -0.07328383 -0.00851079 -0.0956322
  0.00924582  0.05754759  0.1760702   0.11204276  0.20272032  0.20261302
  0.08867222  0.15872203  0.07389139  0.06764797 -0.06048549 -0.04083812
 -0.04223721 -0.04830102 -0.17458952 -0.14474095 -0.12894939 -0.2260678
 -0.27108679 -0.22267717 -0.05483544 -0.10396055 -0.11234489 -0.11691713
 -0.12014283 -0.14996324 -0.05070197  0.03316224  0.08024936  0.06041615
 -0.03140947 -0.0885814  -0.13590437 -0.11884969 -0.12151237 -0.13312764
 -0.19766151 -0.2378145  -0.2554409  -0.32061269 -0.37668044 -0.28792217
 -0.26199119 -0.31388528 -0.3576443  -0.38385038 -0.40378579 -0.40611944
 -0.30767228 -0.26032412 -0.12160634 -0.19813441 -0.32932211 -0.26557699
 -0.1090593  -0.06707694 -0.12728302 -0.10398099 -0.15486006 -0.09227647
 -0.24209713 -0.23352299 -0.1121639  -0.1499668  -0.19794626 -0.25592549
 -0.17081667 -0.09503756 -0.12603731 -0.11052039 -0.09492834 -0.12407784
 -0.2466081  -0.2013754  -0.29021765 -0.26226598 -0.32439058 -0.44464749
 -0.49453308 -0.49059343 -0.3803634  -0.25998063 -0.13121813 -0.17572297
 -0.15490178 -0.09795025  0.00366353  0.0556915   0.06079377  0.05315559
  0.02259965 -0.09604906 -0.16588983 -0.09461385 -0.05305547 -0.0784574
 -0.11759657]
Best elem: [-0.22036547  0.58805056 -0.66406309  0.28590861  0.16116407  0.84926272
  0.74902824 -0.02178032  0.37806345 -0.4228146  -0.10098527  0.7220969
 -0.499969    0.17529815 -0.9726843   0.64853303  0.57813421  0.49253365
 -0.3467322   0.04346096 -0.97767675 -0.2057281   0.49779403 -0.76928297
 -0.92476175  0.88982357  0.1696613   0.16238041 -0.21693755  0.5402036
  0.35511205  0.09126177  0.60698439  0.88751504 -0.28497359  0.57245713
 -0.65884505 -0.20570659 -0.21615985  0.11556862  0.03182779 -0.05603914
  0.58104506 -0.61201265  0.36275674 -0.29875694  0.38993518  0.27731112
  0.96906626 -0.5247058   0.93860341 -0.05711214 -0.55836296  0.08848547
 -0.48554969 -0.36119114 -0.89139942  0.47378476  0.95507545 -0.58534397
 -0.32428158  0.24137354 -0.4004473  -0.88269861 -0.93573967  0.12290513
  0.78701788 -0.01746635  0.87123208 -0.63106644 -0.35653859 -0.05683054
  0.59216537 -0.04405651 -0.46486839 -0.075427   -0.13123837 -0.58918556
  0.39800235 -0.4605197  -0.38316534 -0.17298326 -0.05317335 -0.44558636
 -0.64113237 -0.72714492 -0.69191589  0.29839715  0.65731214 -0.97946056
 -0.82075554 -0.43504413 -0.25252745 -0.46892287  0.34333924 -0.25366329
  0.69526189 -0.46688355 -0.65456486 -0.34200938  0.74442137 -0.01522046
 -0.85458828 -0.23590257 -0.16545149  0.3721726  -0.80294465 -0.38114217
  0.55902602 -0.72003834  0.26462678 -0.59501279 -0.00350009  0.52188852
 -0.47544898  0.52734175 -0.64702413 -0.67263719 -0.66627655 -0.26771133
 -0.62379574 -0.31549601 -0.62474616 -0.68068053 -0.9743049   0.56673829
  0.45527617  0.53119048  0.62134847 -0.71275976 -0.41558381  0.25401927
  0.39139166 -0.16040086 -0.92328216  0.49035643  0.14971682 -0.6552967
 -0.07705918]
A.Veo 2
5-avg: [-0.25883339 -0.34720288 -0.45501755 -0.42115932 -0.10002834  0.0899784
  0.09619286  0.00740491 -0.05928827 -0.27968643 -0.48015837 -0.53100084
 -0.26820777 -0.25378547 -0.3952004  -0.40622069 -0.10460752 -0.28830309
 -0.49735734 -0.45244847 -0.38075057 -0.58585308 -0.50799134 -0.45465232
 -0.4737548  -0.47515272 -0.61244649 -0.71698049 -0.53129296 -0.33880951
 -0.04559093  0.30162136  0.50751541  0.65466385  0.64631318  0.3138294
  0.1699282  -0.02118257 -0.03794728  0.07291124  0.3594625   0.14473668
  0.25203579  0.03454021 -0.00692279 -0.21187969  0.12000239  0.06448091
  0.15451884  0.07683017  0.04626741  0.05836814  0.0558817  -0.01204807
 -0.00361575  0.08683562 -0.00620726 -0.10727722 -0.12663968 -0.1757305
 -0.3783202  -0.39046414 -0.07621056 -0.12726555  0.04872809  0.28016426
  0.29327119  0.26195147  0.16007769  0.05970241 -0.03870897 -0.11340387
 -0.03038353  0.18235984 -0.02056823  0.01256854 -0.00645893 -0.35106569
 -0.34669849 -0.34210976 -0.24517028 -0.15967981  0.08402353  0.11879657
  0.18804786  0.06724904  0.16288476  0.1007514  -0.13911364 -0.17451851
 -0.06946925 -0.31273826 -0.48775442 -0.45682921 -0.38230139 -0.32216792
 -0.21386187  0.06748395  0.26960195  0.32124171  0.0449183  -0.09748282
 -0.11983378 -0.31537377 -0.30947602 -0.14012919 -0.05835938 -0.21911207
 -0.22003803 -0.34320224 -0.2867302  -0.22740738 -0.06340393  0.21039865
  0.34975812  0.20143762  0.34948226  0.31576698  0.0673502   0.1063982
  0.02906021 -0.28054385 -0.18260752 -0.25820723 -0.14582763  0.10598053
  0.27674615  0.24977204  0.24916365 -0.09377252 -0.16581328 -0.16712279
 -0.2178405  -0.18236228  0.08770798  0.13616429  0.01055159 -0.08495167
  0.06966238]
10-avg: [-0.22750877 -0.19164492 -0.10522089 -0.08442749 -0.12550501 -0.22380632
 -0.2402238  -0.18985739 -0.19508998 -0.21740399 -0.13040143 -0.15653687
 -0.33744342 -0.44318953 -0.31780418 -0.27825543 -0.3755714  -0.42382443
 -0.39348563 -0.3452303  -0.39814722 -0.47600483 -0.46310163 -0.42795165
 -0.59914978 -0.61248591 -0.49297264 -0.40628215 -0.26037182 -0.15541256
 -0.10473254  0.06168545  0.15375184  0.13411923  0.23577478  0.24316642
  0.30835828  0.35961221  0.33664595  0.15733244  0.11542661 -0.00170353
  0.03299423  0.0737914   0.13236953  0.15825835  0.09452953  0.03495369
 -0.08280614  0.08918526  0.0601813   0.07123539  0.03660721  0.06655151
  0.02608044 -0.02569776 -0.06934387 -0.08967313 -0.14574229 -0.1983357
 -0.09174389 -0.12695261 -0.0635012  -0.04907797 -0.04859647  0.09287046
  0.01640607  0.05421525  0.12072764  0.08993366  0.11578397  0.17121877
  0.01956709 -0.01307022 -0.0599314  -0.19072461 -0.08216933 -0.181339
 -0.11630087 -0.08306937 -0.13352108 -0.11395096 -0.07703095 -0.08896062
  0.00160248  0.09238747 -0.01015853  0.00676468 -0.00111011 -0.07492675
 -0.19350151 -0.29797142 -0.27840995 -0.19581859 -0.26330007 -0.21013523
 -0.09361363 -0.03052984 -0.13862481 -0.15567234 -0.02617491 -0.02288591
  0.00588284 -0.04760544 -0.0779211  -0.16947292 -0.2677059  -0.32633913
 -0.21342969 -0.14288338 -0.141258   -0.00481969  0.00327794 -0.04264629
  0.06103744  0.12618153  0.13887443  0.22807816  0.11524892  0.03446921
  0.06657973 -0.09542852 -0.01971471  0.06752037 -0.00189885  0.03358226
 -0.00452179 -0.11980008 -0.02991638  0.05481168  0.01596577  0.03340069
 -0.00303227 -0.0148245  -0.0782856  -0.15139608 -0.05634995  0.02370008
  0.01814413]
Best elem: [ 0.18934738 -0.7414146  -0.74209973 -0.44184746 -0.53907334  0.35863853
  0.86424027  0.20793401 -0.41077518 -0.98301306  0.0251726  -0.23775052
 -0.79442567 -0.66498754  0.33095228  0.09728411 -0.94482519 -0.8495271
  0.84307828 -0.58752556 -0.94798715 -0.72028081 -0.49103763 -0.18243423
 -0.19821688 -0.68129203 -0.81579322 -0.49802722 -0.86890307 -0.72088689
  0.24714562  0.14662404  0.96806566  0.86715836  0.30858338  0.98288781
  0.10487068 -0.69435325  0.14765239 -0.64697047  0.89906424  0.65916329
  0.73840303 -0.92597671 -0.11047493 -0.18841362  0.45184829 -0.28638149
  0.73343371 -0.38808234  0.26177605  0.06340492 -0.43919528  0.79393735
 -0.40051455 -0.07787278  0.10556651  0.01306157  0.32872294 -0.90586435
 -0.17468506 -0.1398876  -0.99988695  0.26800325  0.66540358 -0.42996003
  0.74008063  0.15729388  0.33353791  0.50880497 -0.93932893  0.2382042
 -0.33476301 -0.03993659  0.9239067   0.1243879  -0.77643616 -0.16907916
 -0.13507394 -0.79912712  0.14622392 -0.7534925   0.31561823  0.29237845
  0.41938956  0.32008913 -0.40723606 -0.28837589  0.77055706  0.10872277
 -0.8792361  -0.5842604   0.23687041 -0.445788   -0.76635801 -0.72461002
 -0.21162134  0.53753776  0.09574228  0.64037109  0.28597998  0.04657742
 -0.84407927 -0.61626332  0.5286163  -0.69171998  0.07606618  0.00265488
 -0.2074143  -0.27514712 -0.6963498  -0.53975488  0.28501508  0.08919983
  0.54487011  0.6726631   0.15704249 -0.45658741  0.829423    0.37629373
 -0.56942081  0.35228249 -0.84327738 -0.71859727  0.86597537 -0.94741937
  0.91418053  0.41576337  0.13523085  0.73110481 -0.95046131 -0.80050036
  0.05555957  0.1286833   0.4775163  -0.77307022  0.54985093  0.29784113
 -0.49938018]
A.Veo 3
5-avg: [-0.25080308 -0.39128854 -0.32951193  0.03818002  0.13237727  0.28488521
  0.54425031  0.65710657  0.63525045  0.56585302  0.58766797  0.38214675
  0.18667861 -0.09528945 -0.03952774  0.06369628  0.25773875  0.31984419
  0.27662304 -0.04891646  0.0164137  -0.0743418   0.08199853  0.20171852
  0.19758247  0.19757203  0.09483589  0.02967201  0.08866707  0.27905189
 -0.05212893  0.01679178 -0.22879694 -0.33995876 -0.2789664  -0.29985786
 -0.36849047 -0.3289724  -0.06883564 -0.06376617 -0.04927797 -0.02730042
  0.19531377  0.16806298 -0.07869867  0.25665124  0.29529047  0.09698318
 -0.10186761 -0.07048312 -0.40468774 -0.32977117 -0.1975827  -0.04014343
 -0.09425644  0.02320055 -0.05033438 -0.29143542 -0.57135802 -0.25705809
 -0.27225413 -0.227845   -0.24032307 -0.09401065 -0.16266228  0.06702874
 -0.0762763   0.2807944   0.37449754  0.3321245   0.08444034  0.27637821
  0.0268546  -0.0164342   0.07619257  0.30620132  0.24635067  0.29383614
  0.1186049  -0.17818967 -0.46239404 -0.49924788 -0.51995822 -0.39689761
 -0.27844428 -0.01996623 -0.15063906 -0.22534072 -0.23239545 -0.32188728
 -0.47835868 -0.34613461 -0.360595   -0.35655038 -0.34812897 -0.50840219
 -0.61311785 -0.37385644 -0.46943933 -0.23723671 -0.13225905 -0.09659538
 -0.03154732  0.13359636 -0.02859883 -0.06765756  0.21209081  0.06104462
  0.07881941  0.2516062   0.55354482  0.43184784  0.56544734  0.43289156
  0.21043095  0.00727686 -0.10602198 -0.36387268 -0.34295576 -0.28413545
 -0.23371095 -0.13324763 -0.08584058  0.18230107  0.22705252  0.12575671
  0.20808966  0.18106063  0.05488603  0.02413197  0.01987186 -0.27961196
 -0.04949595  0.00371933  0.03971584  0.25100382  0.48113588  0.32717738
  0.20119811]
10-avg: [-1.64755964e-01 -7.40087322e-02  2.24008321e-02  1.70410633e-02
  7.64808817e-02  1.63797324e-01  3.36715239e-01  3.49115144e-01
  4.36276587e-01  4.63198529e-01  4.21892594e-01  2.69980500e-01
  2.63162638e-01  3.25682123e-01  3.19942753e-01  2.53261403e-01
  9.06667956e-02 -4.42221008e-02  4.00549900e-02  9.16984756e-02
  2.00921364e-01  2.39170782e-01  7.43330090e-02  1.06992864e-01
  1.02470432e-02  5.58352700e-02  1.45192795e-01  2.38317184e-01
  7.27215507e-02  5.58138358e-02 -9.95624649e-02 -1.25645844e-01
  4.27456718e-05 -1.75993392e-01 -1.75849342e-01 -2.78884670e-01
 -2.04397200e-01 -1.71366285e-01 -1.74567913e-01 -1.97895441e-01
 -6.68293166e-02  4.96136710e-02 -7.12324211e-02  1.03686635e-01
  1.33995025e-01  1.46148477e-01  3.30976871e-02 -7.45908969e-02
 -7.40182486e-02 -1.72403508e-02 -5.02997589e-02 -7.10055178e-02
 -8.23697801e-02 -1.90743591e-01 -1.90052772e-01 -2.44509059e-01
 -3.05750724e-01 -1.75657266e-01 -1.24526790e-01 -1.39089687e-01
 -2.65879244e-01 -3.32684336e-01 -2.09860185e-01 -1.02612696e-01
 -1.52060648e-01  2.02356637e-02  1.40243445e-01  8.47311130e-02
  7.57345386e-02  1.00050958e-01  1.53824497e-01  1.79031672e-01
  2.04158536e-01  1.95320826e-01  2.61364440e-01  1.60345370e-01
  5.10853513e-02 -5.09985477e-02 -7.80963604e-02 -1.26448609e-01
 -1.13061039e-01 -1.39146355e-01 -2.28316973e-01 -2.41180135e-01
 -3.24943471e-01 -3.72649472e-01 -3.14646530e-01 -3.00165780e-01
 -2.49162458e-01 -2.48386836e-01 -2.92967860e-01 -2.94472913e-01
 -3.35008126e-01 -4.93380437e-01 -4.79626230e-01 -3.67225718e-01
 -4.12994854e-01 -2.92682839e-01 -3.20330624e-01 -3.54856612e-01
 -2.02701879e-01 -1.67921487e-01 -1.32917768e-01 -9.99583051e-02
  5.77477166e-02  1.47486509e-02  1.06207880e-01  1.11503687e-01
  2.42943634e-01  3.21969327e-01  3.13245980e-01  2.55855480e-01
  2.31018575e-01  2.80410842e-01  1.62912931e-01  1.00787330e-01
  4.49678961e-02 -3.68522525e-02 -1.13217048e-01 -1.19634804e-01
 -2.24856632e-01 -8.03273475e-02 -2.85414679e-02 -5.39771212e-02
  3.74210187e-02  4.76100225e-02  1.18593551e-01  1.25592242e-01
  7.28142881e-02 -3.57611454e-02  6.57823420e-02  2.93026810e-02
  3.19239052e-02  1.35437843e-01  1.00761961e-01  1.38840715e-01
  1.02458719e-01  1.19405707e-01  1.57116701e-01]
Best elem: [-0.93098745  0.49310944 -0.8161374  -0.70242731  0.30888308  0.90747231
  0.96409564 -0.05359769  0.59439818  0.87316442  0.79819171  0.61710848
  0.05547703 -0.43320789 -0.10417627 -0.61164862  0.89591702  0.57159716
  0.53700448  0.20635093 -0.82775436 -0.73178048  0.89824794  0.08322697
  0.98805261 -0.22915443 -0.75246071  0.8981957  -0.43045372  0.66223319
  0.06582089  0.1994634  -0.75770839 -0.08585018 -0.56571039 -0.48998823
  0.50442519 -0.86216567 -0.42901322 -0.36812009  0.81069559  0.52977255
 -0.78972467 -0.31912546  0.74495085  0.67444165 -0.70403573  0.88702489
 -0.12592933 -0.24658556 -0.31981232 -0.54711329 -0.78399819  0.24865352
  0.41435677  0.46738406 -0.81767836 -0.19671322 -0.11902113 -0.79114843
 -0.93222897  0.75382128 -0.27269342  0.10302455 -0.8535388  -0.20066687
  0.41056316  0.87576166 -0.61350065  0.93181468  0.26784885  0.19869796
 -0.36265917  0.34618874 -0.31580341  0.05140488  0.6618318   0.78738456
  0.0469355  -0.07837602 -0.82475133 -0.82214103 -0.63363729 -0.13733375
 -0.18192771 -0.20944828 -0.22987437  0.65875294 -0.79069786 -0.55543603
 -0.24472192 -0.67733353 -0.12360407 -0.12957752 -0.62773795 -0.22449882
 -0.6352265  -0.92497017 -0.65315579  0.56856909 -0.70241327  0.52578662
 -0.40008192 -0.4748374   0.89380937  0.1233051  -0.28518931 -0.59537555
  0.92390443  0.13857843  0.21217902  0.57874469  0.91431755  0.31541953
  0.8065759  -0.4505999  -0.53355836 -0.10145288 -0.25107468 -0.48267758
 -0.34601532 -0.2394568   0.1506696   0.25124196 -0.24564237  0.99469295
 -0.01569956 -0.35580941  0.66290672 -0.38078754  0.36381997 -0.16946989
 -0.37710994 -0.83451237  0.76979251  0.62989634  0.01051268  0.67932997
  0.3161479 ]
A.Veo 4
5-avg: [-0.02791861 -0.08587877 -0.28528019 -0.21449493 -0.07077139 -0.37604338
 -0.14977616 -0.0375363  -0.05581663 -0.24562504 -0.07509325 -0.37225051
 -0.40667581 -0.46996473 -0.54882604 -0.38600204 -0.20220414 -0.067433
 -0.01394981  0.01954897  0.02833126 -0.00418475 -0.11041167 -0.13482509
 -0.0568191  -0.39167772 -0.46312391 -0.56681123 -0.54049723 -0.33124078
 -0.35659705 -0.17871623 -0.09529185 -0.1146728  -0.11109855 -0.06992709
 -0.06989033  0.07675787  0.15853878 -0.10722304  0.2262712   0.27279217
  0.22778914  0.12881561  0.33865916  0.24261929  0.03358733 -0.08830219
  0.08234949 -0.22690562 -0.39891342 -0.28245933 -0.06907776 -0.03624941
  0.15801292  0.35444231  0.3935955   0.21893     0.07062963  0.0048453
 -0.04594555 -0.01522076 -0.04589172  0.1077516   0.33921116  0.12471084
 -0.22001724 -0.13411644 -0.36018365 -0.46891191 -0.27692689 -0.00898788
 -0.09470781 -0.01836561 -0.19749587 -0.38932861 -0.60340272 -0.5178359
 -0.57916007 -0.46759229 -0.16631998  0.04329209  0.10845178  0.29549706
  0.49666134  0.16698343  0.07587067 -0.07423816 -0.08385137 -0.18825862
  0.06694181  0.19293273  0.51209553  0.6076409   0.70124574  0.57199528
  0.5876893   0.34965321  0.07962324  0.01141319  0.18796562  0.08114046
  0.12460002  0.13289482  0.14970993 -0.16751623 -0.36999691 -0.2630533
 -0.14562553 -0.37670739 -0.05235286  0.10842274 -0.06810047 -0.05776425
  0.0657677   0.03178892 -0.03417601 -0.06492807  0.01317748 -0.03575493
  0.05100091  0.32285459  0.31841603  0.18879382  0.09719955 -0.1917483
 -0.48392608 -0.54930294 -0.53094288 -0.23421493 -0.3245239  -0.29299212
 -0.23006811 -0.38063665 -0.64387153 -0.62961694 -0.44217317 -0.33483012
 -0.1455076 ]
10-avg: [-1.42640095e-01 -1.82449272e-01 -1.21354734e-01 -2.01980994e-01
 -1.17827466e-01 -1.61408244e-01 -1.35155781e-01 -1.58198216e-01
 -2.25568313e-01 -2.61013333e-01 -2.22106054e-01 -2.62890679e-01
 -3.97225540e-01 -2.30547646e-01 -2.87227323e-01 -2.37054402e-01
 -2.41957269e-01 -2.64638536e-01 -1.78835390e-01 -1.03194441e-01
 -8.89223319e-02 -7.43874536e-02 -1.86350644e-02 -1.81673226e-01
 -2.33654326e-01 -3.38611448e-01 -3.37661163e-01 -1.94029941e-01
 -3.74137383e-01 -3.20920070e-01 -3.31051541e-01 -3.27585018e-01
 -2.21169668e-01 -2.13262070e-01 -1.24303284e-01 -9.26699358e-03
  2.19329888e-02 -1.09160798e-01  7.81720566e-02  1.01450917e-01
  1.52273506e-01  1.43677197e-01  1.15718060e-01  2.34445245e-01
  1.53189748e-01  6.97434765e-02  1.05582551e-01  5.58767738e-02
 -7.81470683e-02 -1.24436003e-01 -7.86899741e-02  2.30500387e-02
 -3.44463485e-02 -2.22355590e-02  5.55680835e-02  7.49261224e-02
  1.71901073e-02  8.14291071e-02  1.54248378e-01  1.89187373e-01
  8.65191404e-02  8.91906127e-02  1.72028226e-01  3.93826475e-02
 -1.17618996e-01 -9.00040788e-02 -1.26216024e-01 -6.48503767e-02
 -7.61080218e-02 -1.14502556e-01 -1.14412123e-01 -1.89274628e-01
 -3.33203891e-01 -3.33127748e-01 -3.06195299e-01 -3.06271854e-01
 -2.98762841e-01 -3.32544081e-01 -2.77824295e-01 -2.80055313e-01
 -2.04692060e-01 -1.41831505e-01  1.45345227e-02  3.31726493e-04
  5.95813806e-02  1.71068081e-02  1.05822844e-01  1.54201356e-01
  1.16962622e-01  1.34401696e-01  2.18928682e-01  2.61894762e-01
  2.56493557e-01  3.19468545e-01  3.90311011e-01  4.30874369e-01
  3.43632066e-01  3.56329466e-01  3.79980450e-01  3.34414880e-01
  2.37126618e-01  1.06259029e-01  8.05615643e-02  1.02246923e-02
 -1.44428225e-01 -6.92266403e-02 -6.36535604e-03 -1.13498727e-01
 -1.09934547e-01 -1.30787089e-01 -1.65576887e-01 -1.01694894e-01
 -1.55469845e-01 -1.02819689e-02  3.71233624e-02 -6.65142716e-02
 -2.22933844e-02  1.50063848e-02  4.13949186e-02  1.44339291e-01
  1.26743980e-01  1.00985653e-01  3.07223116e-02 -7.03736952e-02
 -8.05357425e-02 -1.15443456e-01 -1.71074529e-01 -6.85076867e-02
 -2.58136103e-01 -3.88459101e-01 -3.89685526e-01 -4.55789765e-01
 -4.39043231e-01 -4.77070419e-01 -3.67582649e-01 -2.82449112e-01
 -2.63072126e-01 -3.55045412e-01 -2.61707722e-01]
Best elem: [-7.52018066e-01 -1.07672304e-01  7.20097311e-01 -2.89800813e-01
 -9.97007075e-01 -3.98091769e-01  6.10945378e-01 -8.06262603e-01
  8.41535284e-01 -4.35807789e-01 -4.89493433e-01 -3.38096650e-01
  4.63963409e-02 -6.44251013e-01 -6.07934285e-01 -8.05938021e-01
 -7.32403227e-01  8.60516329e-01  2.74738521e-01  6.59214206e-02
 -5.38522106e-01 -5.64909322e-01  9.04427807e-01  1.12158474e-01
 -4.65213195e-01 -6.60589237e-01 -1.74879336e-01 -7.69865286e-01
 -2.45072476e-01 -9.83649805e-01 -5.29019256e-01  8.71402902e-01
 -8.96646620e-01  6.44331611e-01 -5.66527910e-01 -6.25924005e-01
  8.89274166e-01 -6.90789307e-01  6.44515382e-01  1.66713102e-01
 -2.17019432e-01 -4.39534963e-01  9.76681923e-01  8.77120212e-01
 -5.83020194e-02 -7.11887092e-01  6.09682790e-01  4.96482546e-01
 -1.68039585e-01 -6.67749615e-01  1.41371311e-01 -9.36592733e-01
 -3.63556497e-01  4.14230862e-01  3.99158272e-01  3.05513036e-01
  3.47189174e-02  6.18590441e-01  6.09996840e-01 -4.74169225e-01
 -4.35988840e-01 -2.94202735e-01  3.64636216e-01  7.63620807e-01
 -6.27524052e-01  3.32227759e-01  8.63095052e-01 -7.07865345e-01
 -9.60019591e-01 -1.98020057e-01 -7.98108294e-01  3.19453740e-01
  2.52059764e-01  3.79675460e-01 -6.26619718e-01 -4.16397292e-01
 -5.76197573e-01 -7.07103914e-01 -6.90695106e-01 -1.98785604e-01
 -7.23018162e-01 -1.83586627e-02  7.99257626e-01  3.57365276e-01
  1.27012812e-01  2.12208253e-01  9.87462708e-01 -8.49131876e-01
 -9.81985652e-02 -6.23531329e-01  1.64142197e-01  4.65426455e-01
  4.26870288e-01  5.31756017e-01  9.72282672e-01  6.41869052e-01
  9.33450665e-01 -2.19382002e-01  6.10226093e-01 -2.17897741e-01
 -7.08280839e-01  5.92400458e-01  6.63380121e-01  7.61003225e-02
 -5.99952407e-04 -6.66806835e-01  6.76476018e-01 -9.22750721e-01
 -9.36303079e-01  5.34118105e-01 -7.96679965e-02 -4.78933254e-01
  6.99021918e-01 -1.32425090e-01 -3.48497931e-01 -2.79869098e-02
  1.38726511e-01  5.29128038e-01 -4.62249767e-01 -5.02258235e-01
  3.62540875e-01 -1.05935562e-01  9.62907257e-01  8.97018635e-01
 -5.24451045e-01 -2.85570179e-01 -5.63906900e-01 -4.81832030e-01
 -5.63870240e-01 -8.51335367e-01 -1.93769861e-01  9.19732865e-01
 -9.33376904e-01 -4.06211352e-01 -5.36715289e-01 -9.46612569e-01
 -3.96441561e-01 -8.62103909e-01  5.31007461e-01]
A.Veo 5
5-avg: [-0.26876662 -0.1161532  -0.08547591 -0.10822744  0.06562974  0.39143533
  0.40705361  0.51174796  0.40475894  0.28871886  0.31712057  0.0499126
  0.06625495  0.34387811  0.56181708  0.23220118  0.29385667  0.02172591
  0.04795541  0.00213231  0.1025667   0.29477039  0.48857338  0.43112977
  0.0915056   0.31483826  0.35036555  0.4346954   0.43599305  0.80193748
  0.5140993   0.19210565  0.17061255  0.16889324 -0.01276968  0.22781944
  0.55590654  0.61068534  0.41403989  0.52700454  0.42776196  0.07689527
 -0.25866109 -0.22995851 -0.28726972 -0.23970649 -0.27345535 -0.31116027
 -0.06884215 -0.23571773 -0.33102692 -0.31370881 -0.19448572 -0.23064205
  0.05429382 -0.04483892 -0.02935589  0.01770385 -0.11340497 -0.09770169
 -0.06625094  0.17166503  0.36080744  0.2248242   0.09468605  0.28450713
  0.25900314  0.01202925  0.03924329 -0.17247963 -0.16733682 -0.40778958
 -0.17344234  0.00499152  0.08254565 -0.08413467 -0.01140665 -0.19716477
 -0.12827211 -0.10400419 -0.09514691  0.14807729  0.32221488  0.16589383
  0.0959117   0.25528368  0.18831698 -0.10337879 -0.00938329  0.00181716
  0.09751662 -0.02488934  0.2184037   0.07293553  0.2797644  -0.02312132
  0.13166318  0.04466017  0.0958971  -0.17218263  0.00757472 -0.10187844
 -0.26539356 -0.46116863 -0.45415993 -0.69076734 -0.69704671 -0.53211924
 -0.4967708  -0.41918405 -0.33735427 -0.50902619 -0.62133705 -0.35359177
 -0.22079706 -0.19054086 -0.00880863  0.0152456   0.04136463 -0.14901576
 -0.29221912 -0.39984412 -0.45541241 -0.39488586 -0.06554595  0.15870476
  0.42487587  0.54240061  0.22336243 -0.09270484  0.00118662 -0.34174497
 -0.2297802   0.04770737  0.15163805  0.10508975  0.13632832  0.03573852
 -0.11957236]
10-avg: [-0.04273795 -0.05534383 -0.00936608  0.06133435  0.14545021  0.21313603
  0.14826575  0.1771743   0.35427795  0.2284831   0.28900146  0.37431853
  0.42526797  0.27466088  0.17188463  0.04399043  0.19591676  0.2819747
  0.16738394  0.29431353  0.25514965  0.23954259  0.04681895  0.20870248
  0.32256797  0.46163439  0.43356141  0.44672154  0.41446878  0.2712356
  0.30265397  0.30244314  0.3945839   0.37095937  0.37400609  0.39064894
  0.29146657  0.25711743  0.3277907   0.31640091  0.17601212  0.09204069
  0.11986741  0.09402774 -0.09828004 -0.28491068 -0.14940033 -0.26149372
 -0.2853667  -0.29358208 -0.252823   -0.1497421  -0.09071196 -0.18793292
 -0.17153235 -0.08839094 -0.17202351 -0.02170393 -0.05554493  0.07115457
  0.18925565  0.05570961 -0.00150782  0.10912809  0.21533409  0.18641835
  0.13203374 -0.03889679  0.05858515 -0.07439322 -0.08070654  0.02211741
 -0.04496699 -0.12573575 -0.20959812 -0.18530355 -0.0616403  -0.01072927
 -0.08964079  0.06833532  0.06252505  0.01881086 -0.00404625  0.08006838
  0.16819713  0.10941804  0.07825527  0.04886443  0.17640015  0.08171382
  0.05751245  0.03177612  0.14079078  0.03719765  0.05338692  0.13153193
  0.08441632  0.05379088 -0.0077733   0.01489237 -0.11036669 -0.18263576
 -0.31317128 -0.34159631 -0.39946258 -0.3987564  -0.47896972 -0.43667199
 -0.51406081 -0.60303645 -0.57672815 -0.42518129 -0.31999056 -0.26394756
 -0.25891741 -0.30304573 -0.15611357 -0.18490641 -0.24137999 -0.20432638
 -0.2200834  -0.17676062 -0.10728085 -0.06675718  0.01251587  0.0434941
 -0.08576172 -0.07912539  0.07994569  0.04156545  0.1563102   0.1355349
  0.02946661  0.05313818 -0.10270832 -0.09702084 -0.03593249  0.03290928
 -0.02785845]
Best elem: [-0.01230107 -0.40950843 -0.92202362  0.76306714  0.15338646 -0.12605873
  0.45977744  0.70700436  0.84115851  0.67685824 -0.66100383 -0.12042298
  0.8490129  -0.49488134  0.75857002  0.72711197  0.96927186 -0.7990666
 -0.18660391 -0.60208375  0.85825944  0.74015638 -0.29689467  0.77441455
  0.36693121  0.57104141 -0.9579645   0.81976863  0.95205099  0.78858049
  0.57752966  0.87175764 -0.61942225 -0.65791729  0.68111497  0.56893312
 -0.03655693  0.58352333  0.9825182   0.955009   -0.41429414  0.52826629
  0.08731046 -0.77181526 -0.72277283 -0.2707812   0.24171022  0.32512663
 -0.94055957 -0.91129744  0.94080941 -0.59266768 -0.15141931 -0.85396905
 -0.31518198  0.76002778  0.83201164 -0.64708297 -0.77655394 -0.07988327
  0.10448367  0.91052807 -0.48982926  0.41302594  0.86582879 -0.57543256
  0.25983736  0.45927612  0.28550599 -0.36904066 -0.43936236 -0.79877724
  0.48499015 -0.91675781  0.80269557  0.45280695 -0.4110066  -0.34841146
 -0.55311772 -0.12609502  0.79727024 -0.28966699 -0.30412506  0.66300326
  0.74459296  0.01566499 -0.63957767  0.49273485  0.32816977 -0.71388591
  0.48564251 -0.58357543  0.97123216 -0.28386006  0.50257931 -0.24169832
  0.4505689  -0.5431964   0.49006241  0.06756425  0.01448633 -0.88982976
  0.35559038 -0.05720342 -0.75001133 -0.96438902 -0.85478629 -0.82744667
 -0.08860026  0.07462604 -0.78764683 -0.46685254 -0.41829774 -0.94695986
 -0.48692829  0.5510796   0.19712097 -0.26701673 -0.03829872 -0.36665712
  0.68167474 -0.75478095 -0.98303354 -0.57642371 -0.64449858  0.98430747
  0.89191863  0.13822001  0.75443179 -0.05687488 -0.61088342 -0.68841771
  0.60767731 -0.96022615  0.50294899  0.77655444 -0.16876433  0.3749358
 -0.8040333 ]
Bajada 1
5-avg: [-0.24985196 -0.43697951 -0.47341029 -0.54228141 -0.45718295 -0.55750575
 -0.23837335 -0.28582542 -0.10175351  0.02824823  0.12639577  0.08396786
  0.27480782  0.23494538  0.33793756  0.43841106  0.37972027  0.30055809
  0.28322405 -0.08063597  0.08070603  0.20125662  0.32838142  0.4232599
  0.52502545  0.3410184   0.26711355 -0.02166206 -0.10300339 -0.05605609
 -0.12104194 -0.12961846 -0.13122016 -0.34587038 -0.13418989  0.11061507
  0.07427816  0.31908672  0.60336607  0.27878888  0.25847282  0.14810287
 -0.06825943 -0.147136    0.10715342 -0.08938197  0.12514451  0.04552722
  0.20001944  0.08070774  0.13720798  0.19661763  0.35655324  0.01729413
 -0.01756216 -0.20144706 -0.28619798 -0.4139684  -0.32558895 -0.3628128
 -0.04523887 -0.11765618 -0.15176552  0.03986695  0.12591884  0.04849131
  0.10921463  0.09946073  0.08818702 -0.11268567 -0.25394209 -0.52060114
 -0.28504857 -0.2320682  -0.01601645  0.13549955  0.28944126  0.17097276
 -0.08749571  0.07475372  0.13342309  0.15367633  0.28269611  0.43497621
  0.13762348 -0.14710674 -0.34326549 -0.31133716 -0.37410682 -0.37517667
 -0.20013906  0.05444535  0.16860788  0.35621677  0.47168032  0.48530522
  0.39874158  0.18959644 -0.0515049  -0.17391478 -0.27599431 -0.16380642
 -0.2818164  -0.03365479 -0.10157532 -0.16671065 -0.30526132  0.02068873
 -0.08110321  0.12167584  0.29519001  0.39959961  0.16157002 -0.06606546
 -0.03800608  0.04938042 -0.18919809 -0.11935534  0.12146293  0.21389699
  0.11263807  0.09802017  0.25256569  0.02496455 -0.16301743 -0.30189245
 -0.09117343 -0.36333138 -0.16862474 -0.13215818 -0.19614769 -0.26947723
 -0.20832815 -0.41889304 -0.44232523 -0.23122044 -0.01803651 -0.1800505
 -0.21193529 -0.22101497 -0.4056935  -0.57427006 -0.45514644 -0.16497431
 -0.08421688  0.06561154  0.0796266 ]
10-avg: [-0.23670514 -0.29167285 -0.30849704 -0.40367886 -0.33767643 -0.37961785
 -0.32201746 -0.21446736 -0.21555499 -0.07720275 -0.0055088   0.06659593
  0.18309289  0.28240342  0.23184406  0.28768296  0.25908471  0.12865079
  0.25955854  0.29048844  0.31446975  0.35324197  0.22219474  0.21086221
  0.23418509  0.15335968  0.16012825  0.23448468  0.10998823  0.06874755
 -0.07644111 -0.22443689 -0.09512299 -0.00521344 -0.02767015  0.09393328
  0.12874785  0.0722995   0.18454395  0.11119052  0.12541365  0.22811504
  0.19297115  0.08454543  0.13662369 -0.0113661   0.02644172  0.09393058
  0.02391301  0.16088107  0.20104023  0.10865679  0.03157279 -0.03211954
 -0.04479017 -0.02870758 -0.15414741 -0.19018748 -0.12334297 -0.20192708
 -0.28286696 -0.142861   -0.11844698  0.00162622 -0.00422078 -0.0261524
  0.06402698  0.00661659 -0.10272539 -0.20569326 -0.09279392 -0.07194059
 -0.06435106 -0.05922127 -0.11557994 -0.0570379  -0.15978196  0.02936863
  0.13446132  0.22155879  0.22683444  0.17374025  0.1061886  -0.00684183
 -0.09479458 -0.01432053  0.0304347  -0.1187766  -0.1736229  -0.14441007
 -0.07136464 -0.00894502  0.04825182  0.14258308  0.22659347  0.17910216
  0.15235593  0.14888277  0.10465545  0.11746758 -0.04610998 -0.04257984
 -0.13774505 -0.22135248 -0.23453387 -0.13056384 -0.057379    0.01005026
  0.06423968  0.04716915  0.09112937 -0.07358434  0.04183488  0.17228521
  0.10520076  0.02110734  0.02769873  0.08794546  0.08100924 -0.04558896
  0.06660518  0.07321374  0.02543978 -0.09462719  0.00342337 -0.05538284
 -0.07183009 -0.1475878  -0.24902007 -0.18032533 -0.28582976 -0.29375889
 -0.28724171 -0.21368406 -0.14375687 -0.19418932 -0.31541417 -0.3316701
 -0.31845697 -0.29615328 -0.31759847 -0.1884548  -0.15261592 -0.17004098
 -0.24732173 -0.15032114 -0.06029073]
Best elem: [-0.20532152 -0.59373415 -0.45020415 -0.93563771 -0.18215391 -0.5496771
 -0.16824189 -0.95181816  0.66002433 -0.41941427  0.37068242  0.48176681
 -0.46108042  0.44788474  0.53478557  0.17137018  0.99672773  0.04128708
  0.1544308   0.13897465  0.08469999 -0.82257239  0.84799709  0.75718375
  0.77459865  0.5590924  -0.31374464 -0.07203818  0.38765954 -0.66927941
  0.15238572 -0.07900811 -0.39696746  0.34477694 -0.67728788 -0.92086542
  0.97939438  0.82705733  0.1630924   0.54675492  0.50053135 -0.64349157
  0.72547703 -0.38875737 -0.53505659  0.10614851  0.62795552 -0.25719991
  0.68387503 -0.93314303  0.87860961  0.03139699  0.0253013   0.9809233
 -0.13346501 -0.81768594 -0.14288443 -0.89412323  0.55716871 -0.77231713
 -0.37578867 -0.32900369  0.69374642  0.19508215 -0.94286382  0.58237369
  0.10125578  0.30660874  0.49869874 -0.99163329  0.52600513 -0.90310767
 -0.39967339 -0.83459649  0.18612958  0.79090695  0.17715109  0.35790662
 -0.06488795 -0.40621288 -0.50143541  0.98839822  0.65125346  0.03637823
  0.23888605  0.2599651  -0.49836546 -0.77239764 -0.94441551  0.3985277
 -0.05388319 -0.50371472  0.10279041  0.32850657  0.96934031  0.88416128
  0.07360303  0.17091489 -0.10431161 -0.07638539 -0.32134543 -0.53844634
 -0.33948278  0.45662781 -0.66643528  0.91946264 -0.878049   -0.66515944
 -0.23612552  0.96331495  0.41050295  0.13584627  0.20241139  0.28592249
 -0.22683298 -0.72767446  0.27614317  0.63934389 -0.90697007  0.12238079
  0.47641686  0.7383135   0.13304926 -0.98005955  0.89510838 -0.66158884
 -0.20159639 -0.56132585  0.07353555 -0.46568136  0.31194435 -0.01926359
 -0.88127339 -0.29311217 -0.15993596 -0.7408801  -0.13642453  0.17425057
  0.77280748 -0.97000589 -0.90030408 -0.1818229  -0.74914211 -0.07007531
 -0.37438778  0.55055653  0.22196426]
Bajada 2
5-avg: [-0.3161989  -0.1420659  -0.15374134  0.13545098  0.32926186  0.34353359
  0.2841238   0.23760605  0.13784399  0.01136841  0.23212696  0.02746787
  0.17160548  0.25977297  0.36891924  0.23036694  0.22881002  0.20422891
  0.16187345  0.09098133  0.03911844  0.21798284  0.21904579 -0.01728368
 -0.21570956 -0.28710859 -0.3659757  -0.38597484 -0.03241567  0.15384434
  0.31272387  0.19430898  0.01544896 -0.3162255  -0.18306745 -0.37925993
 -0.10097418  0.22683657  0.33431972 -0.05347799  0.29740839  0.0517962
 -0.15110251  0.03262673  0.3751627   0.30932093  0.57849559  0.49760587
  0.50125126  0.18665134  0.21210055 -0.13715575 -0.01264218 -0.28391912
  0.03546851 -0.21384037 -0.08168717  0.04617653  0.09791966 -0.07464185
 -0.00370616 -0.06415784 -0.33463466 -0.32787141 -0.20180047 -0.29755422
 -0.24235569 -0.24266773 -0.07699339 -0.25653008  0.04054637 -0.03551939
  0.24930421  0.34137672  0.27514729  0.20370737  0.36111245  0.12513419
 -0.08755422  0.14888694  0.13625322  0.06499974  0.19115703  0.18063466
 -0.03629617  0.04053149 -0.10677985 -0.35485466 -0.43380022 -0.16109145
 -0.50003557 -0.35957606 -0.31774513 -0.15771343 -0.22694662 -0.12882923
 -0.27939666 -0.30547402 -0.17887636 -0.28722768 -0.09478578  0.11225764
  0.35017361  0.14218164 -0.02258282 -0.02367504 -0.08207565 -0.09030318
 -0.03093666  0.10056148  0.12857403 -0.03203278 -0.2687494  -0.47006456
 -0.23613277 -0.4951666  -0.42969986 -0.19105877  0.03793722 -0.0101882
 -0.07340372 -0.02841785  0.05009917 -0.16915887 -0.31029295 -0.03950235
  0.09571036  0.13504095  0.20351393  0.21935704  0.09493447 -0.0507382
 -0.40602297 -0.49527582 -0.5289136  -0.5055798  -0.56765715 -0.35584497
 -0.3216748  -0.38196999 -0.39062592 -0.16484787 -0.16072871 -0.15488818
 -0.25882775 -0.24035011 -0.31432763]
10-avg: [-0.07687067 -0.02321858  0.05548654  0.01366735  0.07102895  0.04193235
  0.13664748  0.17031514  0.28783028  0.15579583  0.20460576  0.19880848
  0.19014383  0.23124695  0.12813895  0.18791719  0.21082321  0.22995029
  0.13474269  0.22339643  0.21163735  0.07229488 -0.06236412 -0.12399507
 -0.07399643 -0.08346452 -0.02484968 -0.03093261  0.01280764 -0.08583336
 -0.18526294 -0.17432058 -0.01461156 -0.03326803  0.0466674   0.12114277
  0.00904711 -0.11827272 -0.04092577 -0.02458899  0.03786703  0.18347323
  0.16084236  0.30336466  0.3151459   0.17325168  0.266939    0.28090702
  0.26071074  0.22066992  0.24248185  0.10866607  0.11105993 -0.00086991
 -0.10942146  0.01676718 -0.09299973 -0.01958667 -0.10877327 -0.0729225
 -0.14422907 -0.11497588 -0.13822116 -0.15063019 -0.15325677 -0.2886512
 -0.2024324  -0.22916527 -0.12850393 -0.13893754  0.00331824  0.13219166
  0.0093086   0.12212687  0.16279653  0.1872192   0.12691125  0.21201711
  0.16998029  0.2130561   0.15814561  0.04654022  0.05629538  0.08839235
 -0.02089006 -0.08184881 -0.12658278 -0.09869381 -0.22975204 -0.23317796
 -0.33629989 -0.29575682 -0.19401904 -0.3144324  -0.31948636 -0.31160958
 -0.1682949  -0.25708715 -0.11180751 -0.08356951  0.02234979 -0.01834736
 -0.15490525 -0.05923041  0.015091    0.12993521  0.05562249  0.03898933
  0.05244949 -0.05705421 -0.17952629 -0.25050061 -0.06778565 -0.18329629
 -0.23086632 -0.22990408 -0.21606367 -0.12316049 -0.28428516 -0.22905886
 -0.0704798  -0.06561082 -0.16024057 -0.05645304  0.03364625  0.09257006
  0.01717753 -0.04546795  0.02771606  0.02248608 -0.13549101 -0.14588094
 -0.15477828 -0.20532267 -0.30919768 -0.38093397 -0.40847531 -0.45544179
 -0.44810286 -0.36625251 -0.25828684 -0.23828149 -0.32039887 -0.31548802
 -0.23958775 -0.25851132 -0.17671339]
Best elem: [-0.90944065 -0.18200328 -0.48955059  0.87066504 -0.05837723  0.53652096
  0.78705113 -0.41819192  0.57361605 -0.29096598  0.03771067  0.15467324
  0.68560084 -0.44967941  0.42972204  0.47854815  0.7004046  -0.00716069
 -0.45746399  0.30681648  0.26677087  0.34594399 -0.26647514  0.43685802
  0.31213122 -0.91487651 -0.64618541 -0.62347027  0.04252246  0.21213554
  0.85291931  0.28511467  0.1709274  -0.54955203 -0.68216453 -0.80545299
  0.95090488 -0.81003499  0.84187669  0.95688924 -0.26803724 -0.98808365
  0.94439689 -0.38618422 -0.05760435  0.650609    0.7245962   0.61518802
  0.95968908 -0.46205294  0.66883592 -0.84840337  0.74243404 -0.78659239
  0.16051491 -0.68754881  0.74853481 -0.50411034 -0.1258264   0.79983339
 -0.42883316 -0.11427275 -0.1494319  -0.42808479 -0.55255072 -0.39501691
  0.51608196 -0.62820066 -0.15209215 -0.55411091  0.4333548  -0.38160148
  0.85718158 -0.53242097  0.8700071   0.89371733 -0.71274862  0.49998198
  0.25460446 -0.30988421 -0.16972469  0.46945716  0.43681339 -0.10166292
  0.32090224 -0.22233655 -0.615197    0.82095167 -0.83821963 -0.91947179
 -0.61706433  0.74834684 -0.87376896 -0.13592209 -0.71031711  0.18309417
  0.40218087 -0.38318202 -0.88875922 -0.84070392  0.81608248 -0.1395757
  0.57902747  0.14645789  0.34887593 -0.22387741 -0.96339799  0.5735664
 -0.14554515  0.30773824  0.07295519 -0.3059073   0.71362916 -0.94857919
 -0.87584486 -0.93362061  0.86375164 -0.58154    -0.62124549  0.31736061
  0.21135934  0.62312455 -0.89761763 -0.39631613  0.70994571 -0.88493083
 -0.08254586  0.45633534  0.27974743  0.90659865 -0.54256589 -0.00333034
 -0.16577751 -0.44861593 -0.86982517 -0.98883017 -0.1715192  -0.04910855
 -0.75900267  0.18923576 -0.81797936 -0.47299513 -0.09238819  0.36988757
  0.20983157 -0.78877673 -0.99269298]
Bajada 3
5-avg: [ 0.28664006  0.43936407  0.24307472  0.44607113  0.41016033  0.07364398
 -0.10040601  0.21500014  0.19428636 -0.05987786  0.03892621  0.04051746
 -0.06924755 -0.22551876 -0.08252705  0.12954093  0.25480576  0.28029661
  0.42357067  0.31152637  0.29081455  0.13597605  0.17702299  0.16734638
  0.41065952  0.41261074  0.37559168  0.29633963  0.29215405  0.13556836
  0.14312581  0.0615067  -0.06499234 -0.1973392  -0.07195111 -0.11461166
  0.25012202  0.37398918  0.50980087  0.53990385  0.35853514  0.00255431
  0.05512459 -0.0793602  -0.11402879  0.01756824  0.33135748  0.32480481
  0.39473889  0.16512777  0.19829635  0.21715027 -0.01207219 -0.1992285
 -0.17818124 -0.11723188 -0.36081049 -0.00518871  0.00536991  0.06022646
 -0.06983395  0.04932942 -0.22556516 -0.0742825  -0.04676444 -0.07247258
 -0.29771133 -0.03982967 -0.23520815 -0.00887628  0.10294689  0.11642998
  0.0677829   0.01953131 -0.26590164 -0.4006625  -0.1964124  -0.11621095
  0.24395798  0.31901713  0.19762601  0.24225495 -0.11617751 -0.46288482
 -0.57906565 -0.37466838 -0.37902879 -0.12918446 -0.10628545 -0.05937272
 -0.16682089 -0.23181159 -0.48421191 -0.37031361 -0.06207851 -0.16410055
 -0.34828457 -0.36811934 -0.19699486 -0.24416673 -0.21671727  0.1489859
  0.45621567  0.25178582  0.12831934  0.26603956  0.12120152  0.20396713
  0.4152587   0.28954441  0.10149542  0.03479822 -0.33467994 -0.64029529
 -0.37279016 -0.27063734 -0.27640034 -0.21209766 -0.20303558 -0.26161272
 -0.35371669 -0.28054202 -0.27369108 -0.14004398 -0.06440846  0.02176473
 -0.04823104 -0.04274303  0.00601917 -0.10547698 -0.11691581 -0.03448855
  0.10728941 -0.1197307  -0.26769921 -0.2992444  -0.53487834 -0.63674833
 -0.39416334 -0.12784445 -0.02902447  0.33665277  0.2297518   0.34463344
 -0.01346999  0.00868068 -0.18799621]
10-avg: [ 0.12153736  0.21797398  0.25389884  0.18014202  0.16947903  0.22903743
  0.32017875  0.17514124  0.05628509 -0.02994427  0.0728763  -0.0156162
 -0.07120245  0.08423357  0.14766161  0.10552453  0.09902595  0.11449966
  0.21017774  0.1953909   0.2286598   0.29545852  0.36109294  0.35171265
  0.25578386  0.23668131  0.22975021  0.27311394  0.27786827  0.21854919
  0.11567364  0.04740742  0.03180863  0.01425708  0.15581436  0.15449842
  0.15623083  0.23397637  0.12196174  0.12633817  0.21455688  0.21522033
  0.21293753  0.18805169  0.16695589  0.1899647   0.15768934  0.02554949
  0.1079323   0.27425388  0.15636631  0.09775519 -0.00652674  0.04053223
 -0.07183011 -0.00863045 -0.0969293  -0.05897739 -0.09353292 -0.15574053
 -0.11537694 -0.0344563   0.00673101 -0.07115327 -0.12419095 -0.13269742
 -0.15474533 -0.02782036  0.01523715 -0.09064068  0.01397661 -0.10783842
 -0.13738896 -0.14885781 -0.03999121 -0.02421403  0.13174464  0.02655774
 -0.10151825  0.02292128 -0.11619423 -0.10946342 -0.13002426 -0.08852119
 -0.06838692 -0.12268099 -0.28458514 -0.31921919 -0.27074463 -0.30542019
 -0.30669818 -0.23829953 -0.06072561 -0.16546072 -0.29004808 -0.42616562
 -0.28365423 -0.15312262 -0.19040891 -0.09964934  0.04404817  0.02739548
 -0.0579237   0.02466115  0.13509371  0.3300914   0.33352226  0.20893188
  0.18376749  0.07799987 -0.0653564  -0.1125183  -0.04162287 -0.08457096
 -0.12080106 -0.2733888  -0.42166544 -0.31720144 -0.31217702 -0.27847118
 -0.24289437 -0.17153978 -0.16301059 -0.16597598 -0.16438653 -0.15821706
 -0.0670124  -0.08494272 -0.04757554 -0.04135979  0.03227319 -0.05685576
 -0.18658809 -0.20808011 -0.28468344 -0.26472946 -0.25694702 -0.19777183
 -0.16413443 -0.09911278 -0.20349826 -0.02476495 -0.07065722 -0.01017189
  0.07432828  0.10572448  0.0832569 ]
Best elem: [-0.0506159   0.53880262  0.94501356  0.76362008 -0.98144674  0.96436615
  0.35924863 -0.73756823 -0.10662987  0.59558401  0.86079728 -0.9115725
 -0.24354789 -0.09867359  0.04675895  0.0794412  -0.19661392  0.81679201
  0.52765056  0.17421318  0.79581153 -0.75683545  0.71323293 -0.24654197
  0.3794479   0.74742846  0.45973028  0.72298903 -0.43163728 -0.01681237
  0.72650057 -0.32319813  0.76077624 -0.83973282 -0.64930756  0.06476624
  0.30374234  0.54747351  0.98393558 -0.02997178  0.74382472  0.4542572
 -0.35937003 -0.79596857  0.23287964  0.07140074  0.28091425  0.29861516
  0.77297761  0.20011629  0.42107113 -0.86714131  0.46445803  0.86724723
 -0.945996   -0.51471047 -0.76190501  0.76920485 -0.3506458   0.83211286
 -0.46191734 -0.48762225  0.11890277  0.24517109 -0.54236007  0.29449595
 -0.35003192 -0.00963795 -0.88102263  0.7470482  -0.68239646  0.78162745
  0.54947788 -0.81360719  0.50381283 -0.92365444 -0.64553729 -0.1243264
  0.20764332  0.90482004  0.87719021 -0.27024152 -0.73128203  0.43078805
 -0.88734229 -0.85634632 -0.85114565  0.29070433  0.40898596  0.36187938
 -0.7418513  -0.61658199 -0.24653652  0.08403249 -0.90012222 -0.17235979
  0.92459351 -0.75664673 -0.83688762 -0.99929604  0.68326257  0.68873416
 -0.61939943  0.99162821  0.53685284 -0.33888668  0.07140174  0.0692017
  0.26743801  0.95068089  0.71757116 -0.5571697  -0.87104326 -0.066048
 -0.8967099  -0.8105056   0.78035597 -0.36027919 -0.09486298 -0.57519652
 -0.76519518  0.48747028 -0.82079906  0.2710104  -0.54094185 -0.09695965
  0.86564784 -0.38993312 -0.07896841 -0.51350183  0.14685136  0.3081671
 -0.44712729  0.33316792  0.19538793 -0.98824915 -0.43167546 -0.60485324
 -0.84500178 -0.31396201  0.22467582  0.89991896 -0.11075334  0.98338444
 -0.84846688  0.79908402 -0.89059818]
Bajada 4
5-avg: [-0.00600498  0.14384056  0.2278392   0.51194958  0.28504608  0.39700042
  0.26075855  0.17649305  0.22785085  0.4367582   0.425225    0.22058575
  0.26028829  0.29331611  0.24943019  0.08346855  0.12970092  0.01720066
 -0.09923095 -0.24078272 -0.00893075  0.08450739  0.07076969 -0.1872313
 -0.08903356 -0.04033464 -0.03947348  0.22500895  0.5909556   0.48446324
  0.40097326  0.63199912  0.63789748  0.42152459  0.54600775  0.53255102
  0.48746843  0.40652034  0.41233408  0.34423554  0.13649972  0.1084848
 -0.08829024  0.02705256 -0.0321898   0.14710536 -0.15487998 -0.02449515
 -0.15546562 -0.03715076  0.00282825  0.267811    0.10486124  0.14885027
 -0.14531947 -0.23713363 -0.46446976 -0.50769639 -0.56384152 -0.28660251
 -0.4982567  -0.28759842 -0.30153795 -0.07660843 -0.0871078   0.22677076
  0.31080285  0.39481706  0.3824352   0.32981914  0.06696128  0.0166481
  0.00604495 -0.18030782 -0.12185429  0.05727305  0.0510835   0.1980899
  0.24668807  0.09201814 -0.06826772 -0.0198557  -0.06599941 -0.04913523
 -0.16821898 -0.1204186  -0.13439294 -0.2227449  -0.43206079 -0.18462151
 -0.0140467  -0.12065324 -0.00101106 -0.01077527  0.03400582  0.05446295
  0.03880685  0.20851672  0.45423518  0.35590585  0.32409253  0.51142661
  0.2672666   0.29174195  0.21068629  0.2758229   0.16701527  0.26605517
  0.25246007  0.45901652  0.37669501  0.21970617  0.11243791 -0.07991596
 -0.16556096 -0.40054331 -0.25097833 -0.0116432  -0.0355216   0.01717755
  0.01405197 -0.24050363 -0.54814857 -0.47206988 -0.6395582  -0.60099761
 -0.5302554  -0.30068825 -0.41987335 -0.51373973 -0.35586437 -0.40889409
 -0.47254901 -0.34916564 -0.35745587 -0.3247122  -0.14852267 -0.3739376
 -0.48241424 -0.3915432  -0.60507947 -0.57820424 -0.27293601 -0.18923157
 -0.0651857   0.09607496  0.06530231]
10-avg: [ 0.1139196   0.16761889  0.15183356  0.19549772  0.20229955  0.20216612
  0.36990022  0.36090214  0.41111271  0.24067215  0.21839067  0.26058348
  0.3430942   0.25434678  0.17514333  0.13874447  0.09704258  0.00432374
  0.0372689   0.10710416  0.04398517 -0.14323113 -0.16490814 -0.02463269
  0.02251695  0.14788932  0.20186215  0.19771484  0.18031931  0.29626282
  0.43145322  0.50624009  0.5152355   0.46676214  0.55973378  0.52220891
  0.41692933  0.44512165  0.33452537  0.29797662  0.15911505  0.21969332
  0.15602287  0.14180254 -0.02319759 -0.0563927  -0.06420653 -0.03467028
  0.07496681  0.05646551  0.04018304 -0.00330768 -0.09123512 -0.11715269
 -0.09832938 -0.20141758 -0.20749563 -0.21596099 -0.36769516 -0.37603409
 -0.40461717 -0.32022497 -0.18685516 -0.13574297  0.01160222  0.04663955
  0.15291339  0.12135567  0.14686602  0.16372548  0.200431    0.10106369
  0.10398243  0.06211717  0.0338658   0.10206742  0.03319012 -0.01491807
 -0.00549734  0.0156139   0.06604524  0.09877642 -0.03810042 -0.09434316
 -0.07712432 -0.14437215 -0.24059801 -0.17642024 -0.06723265 -0.12752309
 -0.11187798 -0.22141803 -0.07530784  0.02020813 -0.0409232   0.10375283
  0.22172995  0.19495584  0.18927774  0.27511673  0.23789166  0.37298856
  0.28329607  0.29995771  0.33922094  0.26666089  0.27210101  0.3348514
  0.32625895  0.19336072  0.18924654  0.08627205  0.14672778 -0.01192415
 -0.01563608  0.05039735 -0.05771878 -0.0741917  -0.19324567 -0.24574098
 -0.27989589 -0.25379574 -0.31119033 -0.29347282 -0.38537952 -0.42441841
 -0.44597162 -0.57664896 -0.47843099 -0.46957474 -0.38661863 -0.38451949
 -0.4355978  -0.34028828 -0.27870838 -0.4232433  -0.41578994 -0.37449954
 -0.46489584 -0.36336346 -0.3234368  -0.3358229  -0.22836445 -0.25450226
 -0.25645097 -0.16204958 -0.07689919]
Best elem: [-0.88355903  0.97666427 -0.12313015  0.74922769  0.4199932   0.53699291
 -0.15785326  0.43664154  0.06801836 -0.00133431  0.79378192  0.8866835
  0.37897553 -0.95517791  0.19717839  0.95892105  0.66725392 -0.45083268
 -0.72401608 -0.36532293  0.37676303 -0.04050494  0.70842717 -0.25682536
 -0.43401147 -0.91324192  0.45048379  0.95192177 -0.2525196   0.8884007
  0.91649133 -0.08197801  0.53447187  0.90260973  0.9178925  -0.16537315
  0.54043783  0.4671882   0.67719679  0.51315204 -0.13630445  0.19994512
 -0.57149091  0.53712223 -0.47072319  0.44040953 -0.09626667  0.32498489
 -0.97280446  0.18120094 -0.21444282  0.49530765  0.52487996  0.35210929
 -0.63354789  0.00550232 -0.97554106  0.0658092  -0.78457138 -0.84968104
 -0.2752233   0.41065396 -0.99246171  0.26872001 -0.9193787   0.84942428
  0.35815711  0.5769311   0.68888048 -0.49930768  0.78751501  0.09507678
 -0.73735818  0.43731456 -0.55232342 -0.14424886  0.38734445  0.15827851
  0.40636683  0.18270856  0.09874199 -0.38600517 -0.64315082  0.64842693
 -0.04800996  0.18306288 -0.98142394 -0.4041489   0.57855522 -0.48976975
 -0.86351657  0.25577247  0.44872511  0.04552256  0.10844114 -0.91233764
  0.47967795  0.55101077 -0.03275799  0.95699052  0.31625463 -0.01196867
  0.39194415  0.90391242 -0.26380951  0.43863137 -0.41724695  0.71762716
  0.35987428  0.23138999  0.37065588  0.61553527  0.30601961 -0.42506988
 -0.30495132 -0.59111349  0.1873103  -0.86889216  0.32275505  0.89172429
 -0.71050547  0.45080605 -0.88452005 -0.95002298 -0.64650038 -0.33011204
 -0.38663555 -0.69171709 -0.59631195  0.50133541 -0.92603758 -0.85596743
  0.0976597  -0.86146053  0.1830608  -0.30912072 -0.89741859  0.26137805
  0.01948709 -0.94401382 -0.85150394 -0.44306339 -0.8063033   0.15386324
  0.58232734 -0.43298172  0.17716592]
Bajada 5
5-avg: [ 0.30028932  0.26382856  0.33946823  0.32423894  0.04376861 -0.20681442
  0.00775807  0.07478378 -0.09684777  0.2813496   0.41019906  0.37676403
  0.31127659  0.31059787  0.0339298   0.21467839  0.01746675  0.05565591
  0.06039038  0.13539874  0.17093006  0.04615903  0.0920858   0.26921845
  0.22396167  0.24632362  0.4556192   0.44049846  0.46347783  0.53300792
  0.20191075  0.23820598  0.00450901 -0.0294418  -0.1427759  -0.01334146
 -0.04896065  0.00861953  0.07301484 -0.00225962 -0.07933805 -0.09686733
 -0.14479491 -0.31391422 -0.01471284  0.2389271   0.29146209  0.43253008
  0.22815099 -0.08180967 -0.06224045 -0.04939169 -0.14365518 -0.15000247
 -0.09523131 -0.09595868 -0.25593342 -0.04036762  0.09545718  0.41885176
  0.12844234  0.1228112  -0.16308394 -0.12053593 -0.28084841 -0.20668818
  0.02268974  0.16530621  0.05591794  0.10097901  0.18357316  0.06798168
  0.1725487   0.43255031  0.39226221  0.23774287  0.22917302  0.26491825
  0.2870886   0.33780698  0.54916085  0.45132208  0.26475219 -0.08776576
 -0.0101947  -0.16586127 -0.05624059 -0.14809408  0.05994148 -0.20868158
 -0.01623452 -0.22912417 -0.08968484 -0.25519997  0.01168956 -0.21451401
 -0.02839419 -0.18344971 -0.11355693 -0.416356   -0.37820991 -0.32799139
 -0.38211874 -0.39036813 -0.40759924 -0.49770952 -0.75214258 -0.44071773
 -0.3242753  -0.11827493  0.16254476  0.3998676   0.2551556   0.28319669
  0.16987543  0.14870288  0.10382358  0.0609478   0.1285065   0.28843135
  0.03512967  0.09544435  0.25333868  0.03337433  0.12672426  0.35371728
  0.12884842 -0.16673833 -0.24778298 -0.55234481 -0.71200916 -0.54740776
 -0.33616523 -0.03149163 -0.09528232 -0.22497142 -0.25565905 -0.47376127
 -0.50902207 -0.45007346 -0.26324882 -0.09971281  0.12133038 -0.01833907
  0.14714628  0.15163375  0.02536623]
10-avg: [ 0.16973411  0.23313199  0.13589809  0.04673745  0.13579332  0.207126
  0.11369559  0.1625591   0.10169232  0.19226105  0.19303018  0.10687505
  0.1576397   0.31243873  0.19711539  0.18346625  0.18549412  0.08466427
  0.19280423  0.03181289  0.07387086  0.16480442  0.1796802   0.20862684
  0.25088912  0.26629213  0.36634814  0.3784848   0.22411718  0.34691259
  0.22250373  0.21701801  0.19511601  0.09428464  0.09462267  0.00656427
  0.02178652 -0.07251776 -0.04633976 -0.07291399 -0.06808769 -0.12044969
 -0.00848623  0.07979452  0.09729738  0.14386758 -0.04288162 -0.04826126
  0.08834332  0.1210352   0.14443745  0.03907426 -0.08852049 -0.07909956
 -0.15266256 -0.0920114  -0.02727265  0.16181022  0.01624183 -0.06656111
 -0.10172578 -0.01253938  0.06900168 -0.03912292  0.07275047  0.00111114
 -0.032309   -0.0899347  -0.01155751  0.04533571  0.16892746  0.24423412
  0.24662061  0.21065802  0.14857735  0.21873348  0.35981945  0.36503459
  0.39345186  0.34024755  0.26483522  0.09966142  0.16380614  0.19164979
  0.19754074  0.05832905 -0.01391214 -0.10943814 -0.09104789 -0.14268238
 -0.11888946 -0.09762925 -0.09849601 -0.11537426 -0.12875918 -0.13656727
 -0.18437845 -0.20233322 -0.29636196 -0.17819279 -0.28278422 -0.25196253
 -0.41197762 -0.43795972 -0.54006698 -0.41141823 -0.35732172 -0.26293708
 -0.16758238 -0.17613749 -0.09278106 -0.02053931  0.02580025  0.15562382
  0.25184559  0.1580517   0.20585159  0.22915339  0.09191627  0.09963396
  0.15714324  0.08094041  0.2075778   0.19442348  0.11214638  0.04330017
 -0.10720433 -0.21281027 -0.17914594 -0.20927967 -0.25145178 -0.13963731
 -0.32381356 -0.46849029 -0.40153341 -0.40496325 -0.27025685 -0.27267789
 -0.24411012 -0.17768593 -0.17621545 -0.26368057 -0.15146359 -0.05580754
 -0.03717329  0.05650138  0.00991179]
Best elem: [ 7.10125246e-01  4.30012647e-01  3.61308707e-01 -1.82303784e-01
  3.78198317e-01  6.33978806e-01 -9.72339001e-01 -8.91606462e-01
  8.90558713e-01  7.13326828e-01 -2.24178921e-01  9.18647839e-01
 -2.47359153e-01  7.23383557e-01  3.85889633e-01 -2.27572540e-01
 -4.64692520e-01  6.56383829e-01 -2.62674635e-01  5.76835438e-01
 -2.03900200e-01 -8.96507197e-02  8.34040415e-01 -8.86529772e-01
  8.06469275e-01  6.81763066e-01 -3.15934646e-01  9.45850154e-01
  1.59948169e-01  7.30865549e-01  7.96659924e-01  3.17158232e-02
 -7.09635723e-01  3.41424323e-01 -4.37619305e-01  6.26905860e-01
 -5.34954660e-01 -6.24635202e-02  1.63328383e-01 -1.49718431e-01
  9.48882452e-01 -9.11327004e-01 -4.47855668e-01  7.56819831e-02
 -3.89356333e-01  1.03285904e-01  5.84679905e-01  8.20344024e-01
  3.38356966e-01  3.15983583e-01 -9.18609516e-01 -9.65123416e-01
  9.18190147e-01  4.02600758e-01 -1.55333873e-01 -9.50345951e-01
 -6.91267625e-01  9.14553300e-01 -3.97272967e-01  9.22495138e-01
 -2.71221963e-01  9.25705284e-01 -5.37493807e-01 -4.25428670e-01
 -5.06980546e-01 -5.84818957e-02  1.24142888e-01 -1.66692687e-01
  7.21460943e-01  2.06101811e-01 -6.05423280e-01  3.49448267e-01
  2.46278072e-01  1.43503516e-01  7.28936940e-01  6.94584749e-01
  1.48007781e-01 -5.26318628e-01  1.00654234e-01  9.07663109e-01
  8.05436488e-01  4.01599690e-01  5.30450735e-01 -3.88539634e-01
 -2.51863264e-02 -9.57153285e-01  7.89455013e-01 -2.47882113e-01
  1.59563750e-01 -4.84453776e-01  8.30245246e-02 -5.53660262e-01
  7.14353186e-01 -9.04884523e-01  2.12742878e-01 -7.44551146e-01
  7.80787396e-01 -4.16664651e-01  2.57145854e-02 -5.62534729e-01
 -3.95087232e-01 -7.33207961e-01 -2.25934223e-01  2.76807198e-01
 -8.33171472e-01 -4.36334201e-01 -8.19363509e-01 -6.76485629e-01
 -9.95358077e-01  7.23952763e-01  1.45877931e-01  2.10638382e-01
  7.27612826e-01  1.91256111e-01  3.92769335e-04  2.86083355e-01
 -3.55967896e-01  6.21750053e-01 -3.31403939e-02 -2.13986093e-01
  6.23876810e-01  4.43656357e-01 -6.44758323e-01  2.68433004e-01
  5.75485543e-01 -4.75944942e-01  9.10406028e-01  4.90206777e-01
 -8.55911320e-01 -9.02448192e-01 -8.81168199e-01 -6.12403092e-01
 -3.08114996e-01 -3.29043222e-02  1.53764459e-01  6.42199799e-01
 -9.31356517e-01 -9.56560513e-01 -1.86342486e-01 -9.36746652e-01
  4.65895838e-01 -6.36613467e-01 -2.24373506e-02  6.31337592e-01
  1.68469276e-01 -2.32451407e-01  1.90813280e-01]
